[2025-07-12T15:26:29.130+0000] {local_task_job_runner.py:120} INFO - ::group::Pre task execution logs
[2025-07-12T15:26:29.153+0000] {taskinstance.py:2076} INFO - Dependencies all met for dep_context=non-requeueable deps ti=<TaskInstance: dbt_workflow.dbt_run manual__2025-07-12T15:21:14.109364+00:00 [queued]>
[2025-07-12T15:26:29.161+0000] {taskinstance.py:2076} INFO - Dependencies all met for dep_context=requeueable deps ti=<TaskInstance: dbt_workflow.dbt_run manual__2025-07-12T15:21:14.109364+00:00 [queued]>
[2025-07-12T15:26:29.162+0000] {taskinstance.py:2306} INFO - Starting attempt 2 of 2
[2025-07-12T15:26:29.176+0000] {taskinstance.py:2330} INFO - Executing <Task(BashOperator): dbt_run> on 2025-07-12 15:21:14.109364+00:00
[2025-07-12T15:26:29.186+0000] {warnings.py:112} WARNING - /home/***/.local/lib/python3.12/site-packages/***/task/task_runner/standard_task_runner.py:61: DeprecationWarning: This process (pid=122) is multi-threaded, use of fork() may lead to deadlocks in the child.
  pid = os.fork()

[2025-07-12T15:26:29.188+0000] {standard_task_runner.py:63} INFO - Started process 124 to run task
[2025-07-12T15:26:29.188+0000] {standard_task_runner.py:90} INFO - Running: ['***', 'tasks', 'run', 'dbt_workflow', 'dbt_run', 'manual__2025-07-12T15:21:14.109364+00:00', '--job-id', '17', '--raw', '--subdir', 'DAGS_FOLDER/dbt_dag.py', '--cfg-path', '/tmp/tmpx_yhz0l5']
[2025-07-12T15:26:29.193+0000] {standard_task_runner.py:91} INFO - Job 17: Subtask dbt_run
[2025-07-12T15:26:29.274+0000] {task_command.py:426} INFO - Running <TaskInstance: dbt_workflow.dbt_run manual__2025-07-12T15:21:14.109364+00:00 [running]> on host ad89e184e582
[2025-07-12T15:26:29.397+0000] {taskinstance.py:2648} INFO - Exporting env vars: AIRFLOW_CTX_DAG_OWNER='***' AIRFLOW_CTX_DAG_ID='dbt_workflow' AIRFLOW_CTX_TASK_ID='dbt_run' AIRFLOW_CTX_EXECUTION_DATE='2025-07-12T15:21:14.109364+00:00' AIRFLOW_CTX_TRY_NUMBER='2' AIRFLOW_CTX_DAG_RUN_ID='manual__2025-07-12T15:21:14.109364+00:00'
[2025-07-12T15:26:29.399+0000] {taskinstance.py:430} INFO - ::endgroup::
[2025-07-12T15:26:29.403+0000] {subprocess.py:63} INFO - Tmp dir root location: /tmp
[2025-07-12T15:26:29.405+0000] {subprocess.py:75} INFO - Running command: ['/usr/bin/bash', '-c', 'cd /opt/snowflake_data_project && dbt run']
[2025-07-12T15:26:29.421+0000] {subprocess.py:86} INFO - Output:
[2025-07-12T15:26:32.204+0000] {subprocess.py:93} INFO - [0m15:26:32  Running with dbt=1.10.4
[2025-07-12T15:26:33.511+0000] {subprocess.py:93} INFO - [0m15:26:33  Registered adapter: snowflake=1.10.0
[2025-07-12T15:26:33.815+0000] {subprocess.py:93} INFO - [0m15:26:33  Unable to do partial parsing because of a version mismatch
[2025-07-12T15:26:35.785+0000] {subprocess.py:93} INFO - [0m15:26:35  Found 5 models, 2 data tests, 4 sources, 476 macros
[2025-07-12T15:26:35.790+0000] {subprocess.py:93} INFO - [0m15:26:35
[2025-07-12T15:26:35.792+0000] {subprocess.py:93} INFO - [0m15:26:35  Concurrency: 4 threads (target='dev')
[2025-07-12T15:26:35.794+0000] {subprocess.py:93} INFO - [0m15:26:35
[2025-07-12T15:26:42.163+0000] {subprocess.py:93} INFO - [0m15:26:42  1 of 5 START sql view model raw.stg_customers .................................. [RUN]
[2025-07-12T15:26:42.164+0000] {subprocess.py:93} INFO - [0m15:26:42  2 of 5 START sql view model raw.stg_order_items ................................ [RUN]
[2025-07-12T15:26:42.166+0000] {subprocess.py:93} INFO - [0m15:26:42  3 of 5 START sql view model raw.stg_orders ..................................... [RUN]
[2025-07-12T15:26:42.167+0000] {subprocess.py:93} INFO - [0m15:26:42  4 of 5 START sql view model raw.stg_products ................................... [RUN]
[2025-07-12T15:26:42.626+0000] {subprocess.py:93} INFO - [0m15:26:42  1 of 5 OK created sql view model raw.stg_customers ............................. [[32mSUCCESS 1[0m in 0.45s]
[2025-07-12T15:26:43.154+0000] {subprocess.py:93} INFO - [0m15:26:43  4 of 5 OK created sql view model raw.stg_products .............................. [[32mSUCCESS 1[0m in 0.98s]
[2025-07-12T15:26:43.334+0000] {subprocess.py:93} INFO - [0m15:26:43  2 of 5 OK created sql view model raw.stg_order_items ........................... [[32mSUCCESS 1[0m in 1.16s]
[2025-07-12T15:26:43.478+0000] {subprocess.py:93} INFO - [0m15:26:43  3 of 5 OK created sql view model raw.stg_orders ................................ [[32mSUCCESS 1[0m in 1.30s]
[2025-07-12T15:26:43.483+0000] {subprocess.py:93} INFO - [0m15:26:43  5 of 5 START sql table model raw.fct_daily_order_revenue ....................... [RUN]
[2025-07-12T15:26:46.422+0000] {subprocess.py:93} INFO - [0m15:26:46  5 of 5 OK created sql table model raw.fct_daily_order_revenue .................. [[32mSUCCESS 1[0m in 2.93s]
[2025-07-12T15:26:47.653+0000] {subprocess.py:93} INFO - [0m15:26:47
[2025-07-12T15:26:47.654+0000] {subprocess.py:93} INFO - [0m15:26:47  Finished running 1 table model, 4 view models in 0 hours 0 minutes and 11.86 seconds (11.86s).
[2025-07-12T15:26:47.753+0000] {subprocess.py:93} INFO - [0m15:26:47
[2025-07-12T15:26:47.754+0000] {subprocess.py:93} INFO - [0m15:26:47  [32mCompleted successfully[0m
[2025-07-12T15:26:47.756+0000] {subprocess.py:93} INFO - [0m15:26:47
[2025-07-12T15:26:47.757+0000] {subprocess.py:93} INFO - [0m15:26:47  Done. PASS=5 WARN=0 ERROR=0 SKIP=0 NO-OP=0 TOTAL=5
[2025-07-12T15:26:49.222+0000] {subprocess.py:97} INFO - Command exited with return code 0
[2025-07-12T15:26:49.223+0000] {taskinstance.py:441} INFO - ::group::Post task execution logs
[2025-07-12T15:26:49.252+0000] {taskinstance.py:1206} INFO - Marking task as SUCCESS. dag_id=dbt_workflow, task_id=dbt_run, run_id=manual__2025-07-12T15:21:14.109364+00:00, execution_date=20250712T152114, start_date=20250712T152629, end_date=20250712T152649
[2025-07-12T15:26:49.316+0000] {local_task_job_runner.py:240} INFO - Task exited with return code 0
[2025-07-12T15:26:49.334+0000] {taskinstance.py:3503} INFO - 1 downstream tasks scheduled from follow-on schedule check
[2025-07-12T15:26:49.338+0000] {local_task_job_runner.py:222} INFO - ::endgroup::
