[0m21:01:31.044344 [debug] [MainThread]: Sending event: {'category': 'dbt', 'action': 'invocation', 'label': 'start', 'context': [<snowplow_tracker.self_describing_json.SelfDescribingJson object at 0x000001CE24545210>, <snowplow_tracker.self_describing_json.SelfDescribingJson object at 0x000001CE2459D890>, <snowplow_tracker.self_describing_json.SelfDescribingJson object at 0x000001CE2459EAD0>]}


============================== 21:01:31.055755 | 1c31f0c0-c560-414c-9dee-d3ce2f892776 ==============================
[0m21:01:31.055755 [info ] [MainThread]: Running with dbt=1.9.8
[0m21:01:31.055755 [debug] [MainThread]: running dbt with arguments {'printer_width': '80', 'indirect_selection': 'eager', 'write_json': 'True', 'log_cache_events': 'False', 'partial_parse': 'True', 'cache_selected_only': 'False', 'profiles_dir': 'C:\\Users\\Khaled\\.dbt', 'fail_fast': 'False', 'debug': 'False', 'log_path': 'logs', 'version_check': 'True', 'warn_error': 'None', 'use_colors': 'True', 'use_experimental_parser': 'False', 'empty': 'None', 'quiet': 'False', 'no_print': 'None', 'warn_error_options': 'WarnErrorOptions(include=[], exclude=[])', 'static_parser': 'True', 'introspect': 'True', 'log_format': 'default', 'target_path': 'None', 'invocation_command': 'dbt init snowflake_data_project', 'send_anonymous_usage_stats': 'True'}
[0m21:01:31.078075 [debug] [MainThread]: Starter project path: C:\Users\Khaled\Desktop\project\venv\Lib\site-packages\dbt\include\starter_project
[0m21:01:31.083160 [info ] [MainThread]: 
Your new dbt project "snowflake_data_project" was created!

For more information on how to configure the profiles.yml file,
please consult the dbt documentation here:

  https://docs.getdbt.com/docs/configure-your-profile

One more thing:

Need help? Don't hesitate to reach out to us via GitHub issues or on Slack:

  https://community.getdbt.com/

Happy modeling!

[0m21:01:31.083160 [info ] [MainThread]: Setting up your profile.
[0m21:02:23.269243 [info ] [MainThread]: Profile snowflake_data_project written to C:\Users\Khaled\.dbt\profiles.yml using target's profile_template.yml and your supplied values. Run 'dbt debug' to validate the connection.
[0m21:02:23.269243 [debug] [MainThread]: Command `dbt init` succeeded at 21:02:23.269243 after 52.30 seconds
[0m21:02:23.276571 [debug] [MainThread]: Sending event: {'category': 'dbt', 'action': 'invocation', 'label': 'end', 'context': [<snowplow_tracker.self_describing_json.SelfDescribingJson object at 0x000001CE2459F410>, <snowplow_tracker.self_describing_json.SelfDescribingJson object at 0x000001CE2459EF10>, <snowplow_tracker.self_describing_json.SelfDescribingJson object at 0x000001CE1E793050>]}
[0m21:02:23.276571 [debug] [MainThread]: Flushing usage events
[0m21:02:23.950240 [debug] [MainThread]: An error was encountered while trying to flush usage events
[0m19:16:30.586318 [debug] [MainThread]: Sending event: {'category': 'dbt', 'action': 'invocation', 'label': 'start', 'context': [<snowplow_tracker.self_describing_json.SelfDescribingJson object at 0x00000118E9A46890>, <snowplow_tracker.self_describing_json.SelfDescribingJson object at 0x00000118E9A9FF90>, <snowplow_tracker.self_describing_json.SelfDescribingJson object at 0x00000118E9A46290>]}


============================== 19:16:30.605158 | a1d12b5d-6829-4839-b386-014609339e2b ==============================
[0m19:16:30.605158 [info ] [MainThread]: Running with dbt=1.9.8
[0m19:16:30.605519 [debug] [MainThread]: running dbt with arguments {'printer_width': '80', 'indirect_selection': 'eager', 'log_cache_events': 'False', 'write_json': 'True', 'partial_parse': 'True', 'cache_selected_only': 'False', 'warn_error': 'None', 'fail_fast': 'False', 'version_check': 'True', 'log_path': 'logs', 'debug': 'False', 'profiles_dir': 'C:\\Users\\Khaled\\.dbt', 'use_colors': 'True', 'use_experimental_parser': 'False', 'empty': 'None', 'quiet': 'False', 'no_print': 'None', 'log_format': 'default', 'introspect': 'True', 'warn_error_options': 'WarnErrorOptions(include=[], exclude=[])', 'invocation_command': 'dbt test', 'target_path': 'None', 'static_parser': 'True', 'send_anonymous_usage_stats': 'True'}
[0m19:16:30.606719 [error] [MainThread]: Encountered an error:
Runtime Error
  No dbt_project.yml found at expected path C:\Users\Khaled\Desktop\project\dbt_project.yml
  Verify that each entry within packages.yml (and their transitive dependencies) contains a file named dbt_project.yml
  
[0m19:16:30.608034 [debug] [MainThread]: Command `dbt test` failed at 19:16:30.608034 after 0.12 seconds
[0m19:16:30.609878 [debug] [MainThread]: Sending event: {'category': 'dbt', 'action': 'invocation', 'label': 'end', 'context': [<snowplow_tracker.self_describing_json.SelfDescribingJson object at 0x00000118E7F7B650>, <snowplow_tracker.self_describing_json.SelfDescribingJson object at 0x00000118E3C12D10>, <snowplow_tracker.self_describing_json.SelfDescribingJson object at 0x00000118E3C92F10>]}
[0m19:16:30.609878 [debug] [MainThread]: Flushing usage events
[0m19:16:31.398657 [debug] [MainThread]: An error was encountered while trying to flush usage events
