[2025-07-12T15:03:01.393+0000] {processor.py:161} INFO - Started process (PID=59) to work on /opt/airflow/dags/dbt_dag.py
[2025-07-12T15:03:01.395+0000] {processor.py:830} INFO - Processing file /opt/airflow/dags/dbt_dag.py for tasks to queue
[2025-07-12T15:03:01.399+0000] {logging_mixin.py:188} INFO - [2025-07-12T15:03:01.398+0000] {dagbag.py:545} INFO - Filling up the DagBag from /opt/airflow/dags/dbt_dag.py
[2025-07-12T15:03:01.462+0000] {processor.py:840} INFO - DAG(s) 'dbt_workflow' retrieved from /opt/airflow/dags/dbt_dag.py
[2025-07-12T15:03:01.866+0000] {logging_mixin.py:188} INFO - [2025-07-12T15:03:01.865+0000] {override.py:1829} INFO - Created Permission View: can read on DAG:dbt_workflow
[2025-07-12T15:03:01.883+0000] {logging_mixin.py:188} INFO - [2025-07-12T15:03:01.882+0000] {override.py:1829} INFO - Created Permission View: can edit on DAG:dbt_workflow
[2025-07-12T15:03:01.893+0000] {logging_mixin.py:188} INFO - [2025-07-12T15:03:01.892+0000] {override.py:1829} INFO - Created Permission View: can delete on DAG:dbt_workflow
[2025-07-12T15:03:01.894+0000] {logging_mixin.py:188} INFO - [2025-07-12T15:03:01.893+0000] {dag.py:3096} INFO - Sync 1 DAGs
[2025-07-12T15:03:01.909+0000] {logging_mixin.py:188} INFO - [2025-07-12T15:03:01.909+0000] {dag.py:3118} INFO - Creating ORM DAG for dbt_workflow
[2025-07-12T15:03:01.924+0000] {logging_mixin.py:188} INFO - [2025-07-12T15:03:01.923+0000] {dag.py:3954} INFO - Setting next_dagrun for dbt_workflow to 2025-07-12 00:00:00+00:00, run_after=2025-07-13 00:00:00+00:00
[2025-07-12T15:03:01.948+0000] {processor.py:183} INFO - Processing /opt/airflow/dags/dbt_dag.py took 0.566 seconds
[2025-07-12T15:03:32.280+0000] {processor.py:161} INFO - Started process (PID=118) to work on /opt/airflow/dags/dbt_dag.py
[2025-07-12T15:03:32.282+0000] {processor.py:830} INFO - Processing file /opt/airflow/dags/dbt_dag.py for tasks to queue
[2025-07-12T15:03:32.285+0000] {logging_mixin.py:188} INFO - [2025-07-12T15:03:32.284+0000] {dagbag.py:545} INFO - Filling up the DagBag from /opt/airflow/dags/dbt_dag.py
[2025-07-12T15:03:32.312+0000] {processor.py:840} INFO - DAG(s) 'dbt_workflow' retrieved from /opt/airflow/dags/dbt_dag.py
[2025-07-12T15:03:32.336+0000] {logging_mixin.py:188} INFO - [2025-07-12T15:03:32.336+0000] {dag.py:3096} INFO - Sync 1 DAGs
[2025-07-12T15:03:32.360+0000] {logging_mixin.py:188} INFO - [2025-07-12T15:03:32.360+0000] {dag.py:3954} INFO - Setting next_dagrun for dbt_workflow to 2025-07-12 00:00:00+00:00, run_after=2025-07-13 00:00:00+00:00
[2025-07-12T15:03:32.383+0000] {processor.py:183} INFO - Processing /opt/airflow/dags/dbt_dag.py took 0.111 seconds
[2025-07-12T15:04:02.553+0000] {processor.py:161} INFO - Started process (PID=177) to work on /opt/airflow/dags/dbt_dag.py
[2025-07-12T15:04:02.554+0000] {processor.py:830} INFO - Processing file /opt/airflow/dags/dbt_dag.py for tasks to queue
[2025-07-12T15:04:02.557+0000] {logging_mixin.py:188} INFO - [2025-07-12T15:04:02.556+0000] {dagbag.py:545} INFO - Filling up the DagBag from /opt/airflow/dags/dbt_dag.py
[2025-07-12T15:04:02.585+0000] {processor.py:840} INFO - DAG(s) 'dbt_workflow' retrieved from /opt/airflow/dags/dbt_dag.py
[2025-07-12T15:04:02.609+0000] {logging_mixin.py:188} INFO - [2025-07-12T15:04:02.608+0000] {dag.py:3096} INFO - Sync 1 DAGs
[2025-07-12T15:04:02.631+0000] {logging_mixin.py:188} INFO - [2025-07-12T15:04:02.631+0000] {dag.py:3954} INFO - Setting next_dagrun for dbt_workflow to 2025-07-12 00:00:00+00:00, run_after=2025-07-13 00:00:00+00:00
[2025-07-12T15:04:02.653+0000] {processor.py:183} INFO - Processing /opt/airflow/dags/dbt_dag.py took 0.106 seconds
[2025-07-12T15:04:33.038+0000] {processor.py:161} INFO - Started process (PID=236) to work on /opt/airflow/dags/dbt_dag.py
[2025-07-12T15:04:33.043+0000] {processor.py:830} INFO - Processing file /opt/airflow/dags/dbt_dag.py for tasks to queue
[2025-07-12T15:04:33.054+0000] {logging_mixin.py:188} INFO - [2025-07-12T15:04:33.052+0000] {dagbag.py:545} INFO - Filling up the DagBag from /opt/airflow/dags/dbt_dag.py
[2025-07-12T15:04:33.113+0000] {processor.py:840} INFO - DAG(s) 'dbt_workflow' retrieved from /opt/airflow/dags/dbt_dag.py
[2025-07-12T15:04:33.179+0000] {logging_mixin.py:188} INFO - [2025-07-12T15:04:33.179+0000] {dag.py:3096} INFO - Sync 1 DAGs
[2025-07-12T15:04:33.237+0000] {logging_mixin.py:188} INFO - [2025-07-12T15:04:33.237+0000] {dag.py:3954} INFO - Setting next_dagrun for dbt_workflow to 2025-07-12 00:00:00+00:00, run_after=2025-07-13 00:00:00+00:00
[2025-07-12T15:04:33.276+0000] {processor.py:183} INFO - Processing /opt/airflow/dags/dbt_dag.py took 0.267 seconds
[2025-07-12T15:05:03.807+0000] {processor.py:161} INFO - Started process (PID=295) to work on /opt/airflow/dags/dbt_dag.py
[2025-07-12T15:05:03.809+0000] {processor.py:830} INFO - Processing file /opt/airflow/dags/dbt_dag.py for tasks to queue
[2025-07-12T15:05:03.812+0000] {logging_mixin.py:188} INFO - [2025-07-12T15:05:03.811+0000] {dagbag.py:545} INFO - Filling up the DagBag from /opt/airflow/dags/dbt_dag.py
[2025-07-12T15:05:03.838+0000] {processor.py:840} INFO - DAG(s) 'dbt_workflow' retrieved from /opt/airflow/dags/dbt_dag.py
[2025-07-12T15:05:03.864+0000] {logging_mixin.py:188} INFO - [2025-07-12T15:05:03.864+0000] {dag.py:3096} INFO - Sync 1 DAGs
[2025-07-12T15:05:03.891+0000] {logging_mixin.py:188} INFO - [2025-07-12T15:05:03.891+0000] {dag.py:3954} INFO - Setting next_dagrun for dbt_workflow to 2025-07-12 00:00:00+00:00, run_after=2025-07-13 00:00:00+00:00
[2025-07-12T15:05:03.918+0000] {processor.py:183} INFO - Processing /opt/airflow/dags/dbt_dag.py took 0.118 seconds
[2025-07-12T15:05:34.400+0000] {processor.py:161} INFO - Started process (PID=360) to work on /opt/airflow/dags/dbt_dag.py
[2025-07-12T15:05:34.402+0000] {processor.py:830} INFO - Processing file /opt/airflow/dags/dbt_dag.py for tasks to queue
[2025-07-12T15:05:34.406+0000] {logging_mixin.py:188} INFO - [2025-07-12T15:05:34.405+0000] {dagbag.py:545} INFO - Filling up the DagBag from /opt/airflow/dags/dbt_dag.py
[2025-07-12T15:05:34.449+0000] {processor.py:840} INFO - DAG(s) 'dbt_workflow' retrieved from /opt/airflow/dags/dbt_dag.py
[2025-07-12T15:05:34.492+0000] {logging_mixin.py:188} INFO - [2025-07-12T15:05:34.492+0000] {dag.py:3096} INFO - Sync 1 DAGs
[2025-07-12T15:05:34.537+0000] {logging_mixin.py:188} INFO - [2025-07-12T15:05:34.537+0000] {dag.py:3954} INFO - Setting next_dagrun for dbt_workflow to 2025-07-12 00:00:00+00:00, run_after=2025-07-13 00:00:00+00:00
[2025-07-12T15:05:34.587+0000] {processor.py:183} INFO - Processing /opt/airflow/dags/dbt_dag.py took 0.203 seconds
[2025-07-12T15:06:04.863+0000] {processor.py:161} INFO - Started process (PID=419) to work on /opt/airflow/dags/dbt_dag.py
[2025-07-12T15:06:04.866+0000] {processor.py:830} INFO - Processing file /opt/airflow/dags/dbt_dag.py for tasks to queue
[2025-07-12T15:06:04.870+0000] {logging_mixin.py:188} INFO - [2025-07-12T15:06:04.869+0000] {dagbag.py:545} INFO - Filling up the DagBag from /opt/airflow/dags/dbt_dag.py
[2025-07-12T15:06:04.899+0000] {processor.py:840} INFO - DAG(s) 'dbt_workflow' retrieved from /opt/airflow/dags/dbt_dag.py
[2025-07-12T15:06:04.923+0000] {logging_mixin.py:188} INFO - [2025-07-12T15:06:04.923+0000] {dag.py:3096} INFO - Sync 1 DAGs
[2025-07-12T15:06:04.949+0000] {logging_mixin.py:188} INFO - [2025-07-12T15:06:04.949+0000] {dag.py:3954} INFO - Setting next_dagrun for dbt_workflow to 2025-07-12 00:00:00+00:00, run_after=2025-07-13 00:00:00+00:00
[2025-07-12T15:06:04.972+0000] {processor.py:183} INFO - Processing /opt/airflow/dags/dbt_dag.py took 0.124 seconds
[2025-07-12T15:06:35.632+0000] {processor.py:161} INFO - Started process (PID=478) to work on /opt/airflow/dags/dbt_dag.py
[2025-07-12T15:06:35.634+0000] {processor.py:830} INFO - Processing file /opt/airflow/dags/dbt_dag.py for tasks to queue
[2025-07-12T15:06:35.636+0000] {logging_mixin.py:188} INFO - [2025-07-12T15:06:35.635+0000] {dagbag.py:545} INFO - Filling up the DagBag from /opt/airflow/dags/dbt_dag.py
[2025-07-12T15:06:35.661+0000] {processor.py:840} INFO - DAG(s) 'dbt_workflow' retrieved from /opt/airflow/dags/dbt_dag.py
[2025-07-12T15:06:35.683+0000] {logging_mixin.py:188} INFO - [2025-07-12T15:06:35.682+0000] {dag.py:3096} INFO - Sync 1 DAGs
[2025-07-12T15:06:35.704+0000] {logging_mixin.py:188} INFO - [2025-07-12T15:06:35.704+0000] {dag.py:3954} INFO - Setting next_dagrun for dbt_workflow to 2025-07-12 00:00:00+00:00, run_after=2025-07-13 00:00:00+00:00
[2025-07-12T15:06:35.728+0000] {processor.py:183} INFO - Processing /opt/airflow/dags/dbt_dag.py took 0.103 seconds
[2025-07-12T15:07:06.205+0000] {processor.py:161} INFO - Started process (PID=537) to work on /opt/airflow/dags/dbt_dag.py
[2025-07-12T15:07:06.207+0000] {processor.py:830} INFO - Processing file /opt/airflow/dags/dbt_dag.py for tasks to queue
[2025-07-12T15:07:06.209+0000] {logging_mixin.py:188} INFO - [2025-07-12T15:07:06.208+0000] {dagbag.py:545} INFO - Filling up the DagBag from /opt/airflow/dags/dbt_dag.py
[2025-07-12T15:07:06.240+0000] {processor.py:840} INFO - DAG(s) 'dbt_workflow' retrieved from /opt/airflow/dags/dbt_dag.py
[2025-07-12T15:07:06.261+0000] {logging_mixin.py:188} INFO - [2025-07-12T15:07:06.261+0000] {dag.py:3096} INFO - Sync 1 DAGs
[2025-07-12T15:07:06.283+0000] {logging_mixin.py:188} INFO - [2025-07-12T15:07:06.283+0000] {dag.py:3954} INFO - Setting next_dagrun for dbt_workflow to 2025-07-12 00:00:00+00:00, run_after=2025-07-13 00:00:00+00:00
[2025-07-12T15:07:06.305+0000] {processor.py:183} INFO - Processing /opt/airflow/dags/dbt_dag.py took 0.108 seconds
[2025-07-12T15:07:36.625+0000] {processor.py:161} INFO - Started process (PID=596) to work on /opt/airflow/dags/dbt_dag.py
[2025-07-12T15:07:36.626+0000] {processor.py:830} INFO - Processing file /opt/airflow/dags/dbt_dag.py for tasks to queue
[2025-07-12T15:07:36.628+0000] {logging_mixin.py:188} INFO - [2025-07-12T15:07:36.628+0000] {dagbag.py:545} INFO - Filling up the DagBag from /opt/airflow/dags/dbt_dag.py
[2025-07-12T15:07:36.654+0000] {processor.py:840} INFO - DAG(s) 'dbt_workflow' retrieved from /opt/airflow/dags/dbt_dag.py
[2025-07-12T15:07:36.676+0000] {logging_mixin.py:188} INFO - [2025-07-12T15:07:36.676+0000] {dag.py:3096} INFO - Sync 1 DAGs
[2025-07-12T15:07:36.698+0000] {logging_mixin.py:188} INFO - [2025-07-12T15:07:36.698+0000] {dag.py:3954} INFO - Setting next_dagrun for dbt_workflow to 2025-07-12 00:00:00+00:00, run_after=2025-07-13 00:00:00+00:00
[2025-07-12T15:07:36.723+0000] {processor.py:183} INFO - Processing /opt/airflow/dags/dbt_dag.py took 0.104 seconds
[2025-07-12T15:08:06.869+0000] {processor.py:161} INFO - Started process (PID=655) to work on /opt/airflow/dags/dbt_dag.py
[2025-07-12T15:08:06.870+0000] {processor.py:830} INFO - Processing file /opt/airflow/dags/dbt_dag.py for tasks to queue
[2025-07-12T15:08:06.872+0000] {logging_mixin.py:188} INFO - [2025-07-12T15:08:06.872+0000] {dagbag.py:545} INFO - Filling up the DagBag from /opt/airflow/dags/dbt_dag.py
[2025-07-12T15:08:06.900+0000] {processor.py:840} INFO - DAG(s) 'dbt_workflow' retrieved from /opt/airflow/dags/dbt_dag.py
[2025-07-12T15:08:06.921+0000] {logging_mixin.py:188} INFO - [2025-07-12T15:08:06.920+0000] {dag.py:3096} INFO - Sync 1 DAGs
[2025-07-12T15:08:06.942+0000] {logging_mixin.py:188} INFO - [2025-07-12T15:08:06.942+0000] {dag.py:3954} INFO - Setting next_dagrun for dbt_workflow to 2025-07-12 00:00:00+00:00, run_after=2025-07-13 00:00:00+00:00
[2025-07-12T15:08:06.964+0000] {processor.py:183} INFO - Processing /opt/airflow/dags/dbt_dag.py took 0.101 seconds
[2025-07-12T15:08:37.330+0000] {processor.py:161} INFO - Started process (PID=715) to work on /opt/airflow/dags/dbt_dag.py
[2025-07-12T15:08:37.331+0000] {processor.py:830} INFO - Processing file /opt/airflow/dags/dbt_dag.py for tasks to queue
[2025-07-12T15:08:37.333+0000] {logging_mixin.py:188} INFO - [2025-07-12T15:08:37.333+0000] {dagbag.py:545} INFO - Filling up the DagBag from /opt/airflow/dags/dbt_dag.py
[2025-07-12T15:08:37.356+0000] {processor.py:840} INFO - DAG(s) 'dbt_workflow' retrieved from /opt/airflow/dags/dbt_dag.py
[2025-07-12T15:08:37.377+0000] {logging_mixin.py:188} INFO - [2025-07-12T15:08:37.377+0000] {dag.py:3096} INFO - Sync 1 DAGs
[2025-07-12T15:08:37.399+0000] {logging_mixin.py:188} INFO - [2025-07-12T15:08:37.398+0000] {dag.py:3954} INFO - Setting next_dagrun for dbt_workflow to 2025-07-12 00:00:00+00:00, run_after=2025-07-13 00:00:00+00:00
[2025-07-12T15:08:37.423+0000] {processor.py:183} INFO - Processing /opt/airflow/dags/dbt_dag.py took 0.100 seconds
[2025-07-12T15:09:07.750+0000] {processor.py:161} INFO - Started process (PID=774) to work on /opt/airflow/dags/dbt_dag.py
[2025-07-12T15:09:07.752+0000] {processor.py:830} INFO - Processing file /opt/airflow/dags/dbt_dag.py for tasks to queue
[2025-07-12T15:09:07.754+0000] {logging_mixin.py:188} INFO - [2025-07-12T15:09:07.753+0000] {dagbag.py:545} INFO - Filling up the DagBag from /opt/airflow/dags/dbt_dag.py
[2025-07-12T15:09:07.781+0000] {processor.py:840} INFO - DAG(s) 'dbt_workflow' retrieved from /opt/airflow/dags/dbt_dag.py
[2025-07-12T15:09:07.802+0000] {logging_mixin.py:188} INFO - [2025-07-12T15:09:07.802+0000] {dag.py:3096} INFO - Sync 1 DAGs
[2025-07-12T15:09:07.824+0000] {logging_mixin.py:188} INFO - [2025-07-12T15:09:07.824+0000] {dag.py:3954} INFO - Setting next_dagrun for dbt_workflow to 2025-07-12 00:00:00+00:00, run_after=2025-07-13 00:00:00+00:00
[2025-07-12T15:09:07.846+0000] {processor.py:183} INFO - Processing /opt/airflow/dags/dbt_dag.py took 0.103 seconds
[2025-07-12T15:09:38.129+0000] {processor.py:161} INFO - Started process (PID=833) to work on /opt/airflow/dags/dbt_dag.py
[2025-07-12T15:09:38.130+0000] {processor.py:830} INFO - Processing file /opt/airflow/dags/dbt_dag.py for tasks to queue
[2025-07-12T15:09:38.133+0000] {logging_mixin.py:188} INFO - [2025-07-12T15:09:38.132+0000] {dagbag.py:545} INFO - Filling up the DagBag from /opt/airflow/dags/dbt_dag.py
[2025-07-12T15:09:38.165+0000] {processor.py:840} INFO - DAG(s) 'dbt_workflow' retrieved from /opt/airflow/dags/dbt_dag.py
[2025-07-12T15:09:38.194+0000] {logging_mixin.py:188} INFO - [2025-07-12T15:09:38.194+0000] {dag.py:3096} INFO - Sync 1 DAGs
[2025-07-12T15:09:38.223+0000] {logging_mixin.py:188} INFO - [2025-07-12T15:09:38.222+0000] {dag.py:3954} INFO - Setting next_dagrun for dbt_workflow to 2025-07-12 00:00:00+00:00, run_after=2025-07-13 00:00:00+00:00
[2025-07-12T15:09:38.249+0000] {processor.py:183} INFO - Processing /opt/airflow/dags/dbt_dag.py took 0.129 seconds
[2025-07-12T15:10:00.243+0000] {processor.py:161} INFO - Started process (PID=886) to work on /opt/airflow/dags/dbt_dag.py
[2025-07-12T15:10:00.244+0000] {processor.py:830} INFO - Processing file /opt/airflow/dags/dbt_dag.py for tasks to queue
[2025-07-12T15:10:00.246+0000] {logging_mixin.py:188} INFO - [2025-07-12T15:10:00.246+0000] {dagbag.py:545} INFO - Filling up the DagBag from /opt/airflow/dags/dbt_dag.py
[2025-07-12T15:10:00.286+0000] {processor.py:840} INFO - DAG(s) 'dbt_workflow' retrieved from /opt/airflow/dags/dbt_dag.py
[2025-07-12T15:10:00.393+0000] {logging_mixin.py:188} INFO - [2025-07-12T15:10:00.393+0000] {dag.py:3096} INFO - Sync 1 DAGs
[2025-07-12T15:10:00.412+0000] {logging_mixin.py:188} INFO - [2025-07-12T15:10:00.412+0000] {dag.py:3954} INFO - Setting next_dagrun for dbt_workflow to 2025-07-12 00:00:00+00:00, run_after=2025-07-13 00:00:00+00:00
[2025-07-12T15:10:00.440+0000] {processor.py:183} INFO - Processing /opt/airflow/dags/dbt_dag.py took 0.203 seconds
[2025-07-12T15:10:30.751+0000] {processor.py:161} INFO - Started process (PID=945) to work on /opt/airflow/dags/dbt_dag.py
[2025-07-12T15:10:30.753+0000] {processor.py:830} INFO - Processing file /opt/airflow/dags/dbt_dag.py for tasks to queue
[2025-07-12T15:10:30.755+0000] {logging_mixin.py:188} INFO - [2025-07-12T15:10:30.754+0000] {dagbag.py:545} INFO - Filling up the DagBag from /opt/airflow/dags/dbt_dag.py
[2025-07-12T15:10:30.781+0000] {processor.py:840} INFO - DAG(s) 'dbt_workflow' retrieved from /opt/airflow/dags/dbt_dag.py
[2025-07-12T15:10:30.802+0000] {logging_mixin.py:188} INFO - [2025-07-12T15:10:30.802+0000] {dag.py:3096} INFO - Sync 1 DAGs
[2025-07-12T15:10:30.823+0000] {logging_mixin.py:188} INFO - [2025-07-12T15:10:30.823+0000] {dag.py:3954} INFO - Setting next_dagrun for dbt_workflow to 2025-07-12 00:00:00+00:00, run_after=2025-07-13 00:00:00+00:00
[2025-07-12T15:10:30.844+0000] {processor.py:183} INFO - Processing /opt/airflow/dags/dbt_dag.py took 0.098 seconds
[2025-07-12T15:11:01.146+0000] {processor.py:161} INFO - Started process (PID=1004) to work on /opt/airflow/dags/dbt_dag.py
[2025-07-12T15:11:01.147+0000] {processor.py:830} INFO - Processing file /opt/airflow/dags/dbt_dag.py for tasks to queue
[2025-07-12T15:11:01.150+0000] {logging_mixin.py:188} INFO - [2025-07-12T15:11:01.149+0000] {dagbag.py:545} INFO - Filling up the DagBag from /opt/airflow/dags/dbt_dag.py
[2025-07-12T15:11:01.175+0000] {processor.py:840} INFO - DAG(s) 'dbt_workflow' retrieved from /opt/airflow/dags/dbt_dag.py
[2025-07-12T15:11:01.198+0000] {logging_mixin.py:188} INFO - [2025-07-12T15:11:01.198+0000] {dag.py:3096} INFO - Sync 1 DAGs
[2025-07-12T15:11:01.219+0000] {logging_mixin.py:188} INFO - [2025-07-12T15:11:01.219+0000] {dag.py:3954} INFO - Setting next_dagrun for dbt_workflow to 2025-07-12 00:00:00+00:00, run_after=2025-07-13 00:00:00+00:00
[2025-07-12T15:11:01.241+0000] {processor.py:183} INFO - Processing /opt/airflow/dags/dbt_dag.py took 0.102 seconds
[2025-07-12T15:11:31.401+0000] {processor.py:161} INFO - Started process (PID=1063) to work on /opt/airflow/dags/dbt_dag.py
[2025-07-12T15:11:31.402+0000] {processor.py:830} INFO - Processing file /opt/airflow/dags/dbt_dag.py for tasks to queue
[2025-07-12T15:11:31.404+0000] {logging_mixin.py:188} INFO - [2025-07-12T15:11:31.404+0000] {dagbag.py:545} INFO - Filling up the DagBag from /opt/airflow/dags/dbt_dag.py
[2025-07-12T15:11:31.430+0000] {processor.py:840} INFO - DAG(s) 'dbt_workflow' retrieved from /opt/airflow/dags/dbt_dag.py
[2025-07-12T15:11:31.452+0000] {logging_mixin.py:188} INFO - [2025-07-12T15:11:31.451+0000] {dag.py:3096} INFO - Sync 1 DAGs
[2025-07-12T15:11:31.474+0000] {logging_mixin.py:188} INFO - [2025-07-12T15:11:31.474+0000] {dag.py:3954} INFO - Setting next_dagrun for dbt_workflow to 2025-07-12 00:00:00+00:00, run_after=2025-07-13 00:00:00+00:00
[2025-07-12T15:11:31.497+0000] {processor.py:183} INFO - Processing /opt/airflow/dags/dbt_dag.py took 0.103 seconds
[2025-07-12T15:11:32.431+0000] {processor.py:161} INFO - Started process (PID=1064) to work on /opt/airflow/dags/dbt_dag.py
[2025-07-12T15:11:32.432+0000] {processor.py:830} INFO - Processing file /opt/airflow/dags/dbt_dag.py for tasks to queue
[2025-07-12T15:11:32.435+0000] {logging_mixin.py:188} INFO - [2025-07-12T15:11:32.435+0000] {dagbag.py:545} INFO - Filling up the DagBag from /opt/airflow/dags/dbt_dag.py
[2025-07-12T15:11:32.478+0000] {processor.py:840} INFO - DAG(s) 'dbt_workflow' retrieved from /opt/airflow/dags/dbt_dag.py
[2025-07-12T15:11:32.500+0000] {logging_mixin.py:188} INFO - [2025-07-12T15:11:32.499+0000] {dag.py:3096} INFO - Sync 1 DAGs
[2025-07-12T15:11:32.522+0000] {logging_mixin.py:188} INFO - [2025-07-12T15:11:32.522+0000] {dag.py:3954} INFO - Setting next_dagrun for dbt_workflow to 2025-07-12 00:00:00+00:00, run_after=2025-07-13 00:00:00+00:00
[2025-07-12T15:11:32.551+0000] {processor.py:183} INFO - Processing /opt/airflow/dags/dbt_dag.py took 0.126 seconds
[2025-07-12T15:12:03.090+0000] {processor.py:161} INFO - Started process (PID=1123) to work on /opt/airflow/dags/dbt_dag.py
[2025-07-12T15:12:03.091+0000] {processor.py:830} INFO - Processing file /opt/airflow/dags/dbt_dag.py for tasks to queue
[2025-07-12T15:12:03.093+0000] {logging_mixin.py:188} INFO - [2025-07-12T15:12:03.093+0000] {dagbag.py:545} INFO - Filling up the DagBag from /opt/airflow/dags/dbt_dag.py
[2025-07-12T15:12:03.116+0000] {processor.py:840} INFO - DAG(s) 'dbt_workflow' retrieved from /opt/airflow/dags/dbt_dag.py
[2025-07-12T15:12:03.137+0000] {logging_mixin.py:188} INFO - [2025-07-12T15:12:03.136+0000] {dag.py:3096} INFO - Sync 1 DAGs
[2025-07-12T15:12:03.157+0000] {logging_mixin.py:188} INFO - [2025-07-12T15:12:03.157+0000] {dag.py:3954} INFO - Setting next_dagrun for dbt_workflow to 2025-07-12 00:00:00+00:00, run_after=2025-07-13 00:00:00+00:00
[2025-07-12T15:12:03.179+0000] {processor.py:183} INFO - Processing /opt/airflow/dags/dbt_dag.py took 0.095 seconds
[2025-07-12T15:12:33.619+0000] {processor.py:161} INFO - Started process (PID=1182) to work on /opt/airflow/dags/dbt_dag.py
[2025-07-12T15:12:33.621+0000] {processor.py:830} INFO - Processing file /opt/airflow/dags/dbt_dag.py for tasks to queue
[2025-07-12T15:12:33.625+0000] {logging_mixin.py:188} INFO - [2025-07-12T15:12:33.624+0000] {dagbag.py:545} INFO - Filling up the DagBag from /opt/airflow/dags/dbt_dag.py
[2025-07-12T15:12:33.655+0000] {processor.py:840} INFO - DAG(s) 'dbt_workflow' retrieved from /opt/airflow/dags/dbt_dag.py
[2025-07-12T15:12:33.680+0000] {logging_mixin.py:188} INFO - [2025-07-12T15:12:33.680+0000] {dag.py:3096} INFO - Sync 1 DAGs
[2025-07-12T15:12:33.705+0000] {logging_mixin.py:188} INFO - [2025-07-12T15:12:33.705+0000] {dag.py:3954} INFO - Setting next_dagrun for dbt_workflow to 2025-07-12 00:00:00+00:00, run_after=2025-07-13 00:00:00+00:00
[2025-07-12T15:12:33.730+0000] {processor.py:183} INFO - Processing /opt/airflow/dags/dbt_dag.py took 0.122 seconds
[2025-07-12T15:13:04.007+0000] {processor.py:161} INFO - Started process (PID=1241) to work on /opt/airflow/dags/dbt_dag.py
[2025-07-12T15:13:04.009+0000] {processor.py:830} INFO - Processing file /opt/airflow/dags/dbt_dag.py for tasks to queue
[2025-07-12T15:13:04.011+0000] {logging_mixin.py:188} INFO - [2025-07-12T15:13:04.010+0000] {dagbag.py:545} INFO - Filling up the DagBag from /opt/airflow/dags/dbt_dag.py
[2025-07-12T15:13:04.037+0000] {processor.py:840} INFO - DAG(s) 'dbt_workflow' retrieved from /opt/airflow/dags/dbt_dag.py
[2025-07-12T15:13:04.058+0000] {logging_mixin.py:188} INFO - [2025-07-12T15:13:04.057+0000] {dag.py:3096} INFO - Sync 1 DAGs
[2025-07-12T15:13:04.078+0000] {logging_mixin.py:188} INFO - [2025-07-12T15:13:04.078+0000] {dag.py:3954} INFO - Setting next_dagrun for dbt_workflow to 2025-07-12 00:00:00+00:00, run_after=2025-07-13 00:00:00+00:00
[2025-07-12T15:13:04.104+0000] {processor.py:183} INFO - Processing /opt/airflow/dags/dbt_dag.py took 0.102 seconds
[2025-07-12T15:13:32.705+0000] {processor.py:161} INFO - Started process (PID=1300) to work on /opt/airflow/dags/dbt_dag.py
[2025-07-12T15:13:32.706+0000] {processor.py:830} INFO - Processing file /opt/airflow/dags/dbt_dag.py for tasks to queue
[2025-07-12T15:13:32.708+0000] {logging_mixin.py:188} INFO - [2025-07-12T15:13:32.708+0000] {dagbag.py:545} INFO - Filling up the DagBag from /opt/airflow/dags/dbt_dag.py
[2025-07-12T15:13:32.749+0000] {processor.py:840} INFO - DAG(s) 'dbt_workflow' retrieved from /opt/airflow/dags/dbt_dag.py
[2025-07-12T15:13:32.858+0000] {logging_mixin.py:188} INFO - [2025-07-12T15:13:32.857+0000] {dag.py:3096} INFO - Sync 1 DAGs
[2025-07-12T15:13:32.878+0000] {logging_mixin.py:188} INFO - [2025-07-12T15:13:32.877+0000] {dag.py:3954} INFO - Setting next_dagrun for dbt_workflow to 2025-07-12 00:00:00+00:00, run_after=2025-07-13 00:00:00+00:00
[2025-07-12T15:13:32.906+0000] {processor.py:183} INFO - Processing /opt/airflow/dags/dbt_dag.py took 0.208 seconds
[2025-07-12T15:14:03.113+0000] {processor.py:161} INFO - Started process (PID=1357) to work on /opt/airflow/dags/dbt_dag.py
[2025-07-12T15:14:03.115+0000] {processor.py:830} INFO - Processing file /opt/airflow/dags/dbt_dag.py for tasks to queue
[2025-07-12T15:14:03.118+0000] {logging_mixin.py:188} INFO - [2025-07-12T15:14:03.117+0000] {dagbag.py:545} INFO - Filling up the DagBag from /opt/airflow/dags/dbt_dag.py
[2025-07-12T15:14:03.146+0000] {processor.py:840} INFO - DAG(s) 'dbt_workflow' retrieved from /opt/airflow/dags/dbt_dag.py
[2025-07-12T15:14:03.170+0000] {logging_mixin.py:188} INFO - [2025-07-12T15:14:03.170+0000] {dag.py:3096} INFO - Sync 1 DAGs
[2025-07-12T15:14:03.195+0000] {logging_mixin.py:188} INFO - [2025-07-12T15:14:03.194+0000] {dag.py:3954} INFO - Setting next_dagrun for dbt_workflow to 2025-07-12 00:00:00+00:00, run_after=2025-07-13 00:00:00+00:00
[2025-07-12T15:14:03.220+0000] {processor.py:183} INFO - Processing /opt/airflow/dags/dbt_dag.py took 0.116 seconds
[2025-07-12T15:15:30.380+0000] {processor.py:161} INFO - Started process (PID=58) to work on /opt/airflow/dags/dbt_dag.py
[2025-07-12T15:15:30.383+0000] {processor.py:830} INFO - Processing file /opt/airflow/dags/dbt_dag.py for tasks to queue
[2025-07-12T15:15:30.389+0000] {logging_mixin.py:188} INFO - [2025-07-12T15:15:30.388+0000] {dagbag.py:545} INFO - Filling up the DagBag from /opt/airflow/dags/dbt_dag.py
[2025-07-12T15:15:30.461+0000] {processor.py:840} INFO - DAG(s) 'dbt_workflow' retrieved from /opt/airflow/dags/dbt_dag.py
[2025-07-12T15:15:30.983+0000] {logging_mixin.py:188} INFO - [2025-07-12T15:15:30.983+0000] {dag.py:3096} INFO - Sync 1 DAGs
[2025-07-12T15:15:31.010+0000] {logging_mixin.py:188} INFO - [2025-07-12T15:15:31.009+0000] {dag.py:3954} INFO - Setting next_dagrun for dbt_workflow to 2025-07-12 00:00:00+00:00, run_after=2025-07-13 00:00:00+00:00
[2025-07-12T15:15:31.040+0000] {processor.py:183} INFO - Processing /opt/airflow/dags/dbt_dag.py took 0.679 seconds
[2025-07-12T15:16:01.250+0000] {processor.py:161} INFO - Started process (PID=124) to work on /opt/airflow/dags/dbt_dag.py
[2025-07-12T15:16:01.251+0000] {processor.py:830} INFO - Processing file /opt/airflow/dags/dbt_dag.py for tasks to queue
[2025-07-12T15:16:01.254+0000] {logging_mixin.py:188} INFO - [2025-07-12T15:16:01.254+0000] {dagbag.py:545} INFO - Filling up the DagBag from /opt/airflow/dags/dbt_dag.py
[2025-07-12T15:16:01.283+0000] {processor.py:840} INFO - DAG(s) 'dbt_workflow' retrieved from /opt/airflow/dags/dbt_dag.py
[2025-07-12T15:16:01.313+0000] {logging_mixin.py:188} INFO - [2025-07-12T15:16:01.313+0000] {dag.py:3096} INFO - Sync 1 DAGs
[2025-07-12T15:16:01.357+0000] {logging_mixin.py:188} INFO - [2025-07-12T15:16:01.357+0000] {dag.py:3954} INFO - Setting next_dagrun for dbt_workflow to 2025-07-12 00:00:00+00:00, run_after=2025-07-13 00:00:00+00:00
[2025-07-12T15:16:01.382+0000] {processor.py:183} INFO - Processing /opt/airflow/dags/dbt_dag.py took 0.141 seconds
[2025-07-12T15:16:31.579+0000] {processor.py:161} INFO - Started process (PID=183) to work on /opt/airflow/dags/dbt_dag.py
[2025-07-12T15:16:31.580+0000] {processor.py:830} INFO - Processing file /opt/airflow/dags/dbt_dag.py for tasks to queue
[2025-07-12T15:16:31.583+0000] {logging_mixin.py:188} INFO - [2025-07-12T15:16:31.582+0000] {dagbag.py:545} INFO - Filling up the DagBag from /opt/airflow/dags/dbt_dag.py
[2025-07-12T15:16:31.611+0000] {processor.py:840} INFO - DAG(s) 'dbt_workflow' retrieved from /opt/airflow/dags/dbt_dag.py
[2025-07-12T15:16:31.633+0000] {logging_mixin.py:188} INFO - [2025-07-12T15:16:31.633+0000] {dag.py:3096} INFO - Sync 1 DAGs
[2025-07-12T15:16:31.656+0000] {logging_mixin.py:188} INFO - [2025-07-12T15:16:31.656+0000] {dag.py:3954} INFO - Setting next_dagrun for dbt_workflow to 2025-07-12 00:00:00+00:00, run_after=2025-07-13 00:00:00+00:00
[2025-07-12T15:16:31.678+0000] {processor.py:183} INFO - Processing /opt/airflow/dags/dbt_dag.py took 0.105 seconds
[2025-07-12T15:16:56.015+0000] {processor.py:161} INFO - Started process (PID=236) to work on /opt/airflow/dags/dbt_dag.py
[2025-07-12T15:16:56.016+0000] {processor.py:830} INFO - Processing file /opt/airflow/dags/dbt_dag.py for tasks to queue
[2025-07-12T15:16:56.018+0000] {logging_mixin.py:188} INFO - [2025-07-12T15:16:56.018+0000] {dagbag.py:545} INFO - Filling up the DagBag from /opt/airflow/dags/dbt_dag.py
[2025-07-12T15:16:56.059+0000] {processor.py:840} INFO - DAG(s) 'dbt_workflow' retrieved from /opt/airflow/dags/dbt_dag.py
[2025-07-12T15:16:56.081+0000] {logging_mixin.py:188} INFO - [2025-07-12T15:16:56.080+0000] {dag.py:3096} INFO - Sync 1 DAGs
[2025-07-12T15:16:56.103+0000] {logging_mixin.py:188} INFO - [2025-07-12T15:16:56.102+0000] {dag.py:3954} INFO - Setting next_dagrun for dbt_workflow to 2025-07-12 00:00:00+00:00, run_after=2025-07-13 00:00:00+00:00
[2025-07-12T15:16:56.143+0000] {processor.py:183} INFO - Processing /opt/airflow/dags/dbt_dag.py took 0.134 seconds
[2025-07-12T15:17:01.233+0000] {processor.py:161} INFO - Started process (PID=243) to work on /opt/airflow/dags/dbt_dag.py
[2025-07-12T15:17:01.234+0000] {processor.py:830} INFO - Processing file /opt/airflow/dags/dbt_dag.py for tasks to queue
[2025-07-12T15:17:01.237+0000] {logging_mixin.py:188} INFO - [2025-07-12T15:17:01.237+0000] {dagbag.py:545} INFO - Filling up the DagBag from /opt/airflow/dags/dbt_dag.py
[2025-07-12T15:17:01.284+0000] {processor.py:840} INFO - DAG(s) 'dbt_workflow' retrieved from /opt/airflow/dags/dbt_dag.py
[2025-07-12T15:17:01.307+0000] {logging_mixin.py:188} INFO - [2025-07-12T15:17:01.307+0000] {dag.py:3096} INFO - Sync 1 DAGs
[2025-07-12T15:17:01.334+0000] {logging_mixin.py:188} INFO - [2025-07-12T15:17:01.334+0000] {dag.py:3954} INFO - Setting next_dagrun for dbt_workflow to 2025-07-12 00:00:00+00:00, run_after=2025-07-13 00:00:00+00:00
[2025-07-12T15:17:01.372+0000] {processor.py:183} INFO - Processing /opt/airflow/dags/dbt_dag.py took 0.148 seconds
[2025-07-12T15:17:31.614+0000] {processor.py:161} INFO - Started process (PID=302) to work on /opt/airflow/dags/dbt_dag.py
[2025-07-12T15:17:31.615+0000] {processor.py:830} INFO - Processing file /opt/airflow/dags/dbt_dag.py for tasks to queue
[2025-07-12T15:17:31.617+0000] {logging_mixin.py:188} INFO - [2025-07-12T15:17:31.617+0000] {dagbag.py:545} INFO - Filling up the DagBag from /opt/airflow/dags/dbt_dag.py
[2025-07-12T15:17:31.644+0000] {processor.py:840} INFO - DAG(s) 'dbt_workflow' retrieved from /opt/airflow/dags/dbt_dag.py
[2025-07-12T15:17:31.665+0000] {logging_mixin.py:188} INFO - [2025-07-12T15:17:31.665+0000] {dag.py:3096} INFO - Sync 1 DAGs
[2025-07-12T15:17:31.687+0000] {logging_mixin.py:188} INFO - [2025-07-12T15:17:31.687+0000] {dag.py:3954} INFO - Setting next_dagrun for dbt_workflow to 2025-07-12 00:00:00+00:00, run_after=2025-07-13 00:00:00+00:00
[2025-07-12T15:17:31.710+0000] {processor.py:183} INFO - Processing /opt/airflow/dags/dbt_dag.py took 0.103 seconds
[2025-07-12T15:20:52.072+0000] {processor.py:161} INFO - Started process (PID=126) to work on /opt/airflow/dags/dbt_dag.py
[2025-07-12T15:20:52.074+0000] {processor.py:830} INFO - Processing file /opt/airflow/dags/dbt_dag.py for tasks to queue
[2025-07-12T15:20:52.076+0000] {logging_mixin.py:188} INFO - [2025-07-12T15:20:52.076+0000] {dagbag.py:545} INFO - Filling up the DagBag from /opt/airflow/dags/dbt_dag.py
[2025-07-12T15:20:52.117+0000] {processor.py:840} INFO - DAG(s) 'dbt_workflow' retrieved from /opt/airflow/dags/dbt_dag.py
[2025-07-12T15:20:52.454+0000] {logging_mixin.py:188} INFO - [2025-07-12T15:20:52.454+0000] {dag.py:3096} INFO - Sync 1 DAGs
[2025-07-12T15:20:52.483+0000] {logging_mixin.py:188} INFO - [2025-07-12T15:20:52.482+0000] {dag.py:3954} INFO - Setting next_dagrun for dbt_workflow to 2025-07-12 00:00:00+00:00, run_after=2025-07-13 00:00:00+00:00
[2025-07-12T15:20:52.507+0000] {processor.py:183} INFO - Processing /opt/airflow/dags/dbt_dag.py took 0.443 seconds
[2025-07-12T15:21:23.057+0000] {processor.py:161} INFO - Started process (PID=185) to work on /opt/airflow/dags/dbt_dag.py
[2025-07-12T15:21:23.058+0000] {processor.py:830} INFO - Processing file /opt/airflow/dags/dbt_dag.py for tasks to queue
[2025-07-12T15:21:23.060+0000] {logging_mixin.py:188} INFO - [2025-07-12T15:21:23.060+0000] {dagbag.py:545} INFO - Filling up the DagBag from /opt/airflow/dags/dbt_dag.py
[2025-07-12T15:21:23.087+0000] {processor.py:840} INFO - DAG(s) 'dbt_workflow' retrieved from /opt/airflow/dags/dbt_dag.py
[2025-07-12T15:21:23.109+0000] {logging_mixin.py:188} INFO - [2025-07-12T15:21:23.109+0000] {dag.py:3096} INFO - Sync 1 DAGs
[2025-07-12T15:21:23.132+0000] {logging_mixin.py:188} INFO - [2025-07-12T15:21:23.132+0000] {dag.py:3954} INFO - Setting next_dagrun for dbt_workflow to 2025-07-12 00:00:00+00:00, run_after=2025-07-13 00:00:00+00:00
[2025-07-12T15:21:23.154+0000] {processor.py:183} INFO - Processing /opt/airflow/dags/dbt_dag.py took 0.104 seconds
[2025-07-12T15:21:53.450+0000] {processor.py:161} INFO - Started process (PID=244) to work on /opt/airflow/dags/dbt_dag.py
[2025-07-12T15:21:53.451+0000] {processor.py:830} INFO - Processing file /opt/airflow/dags/dbt_dag.py for tasks to queue
[2025-07-12T15:21:53.454+0000] {logging_mixin.py:188} INFO - [2025-07-12T15:21:53.454+0000] {dagbag.py:545} INFO - Filling up the DagBag from /opt/airflow/dags/dbt_dag.py
[2025-07-12T15:21:53.483+0000] {processor.py:840} INFO - DAG(s) 'dbt_workflow' retrieved from /opt/airflow/dags/dbt_dag.py
[2025-07-12T15:21:53.504+0000] {logging_mixin.py:188} INFO - [2025-07-12T15:21:53.503+0000] {dag.py:3096} INFO - Sync 1 DAGs
[2025-07-12T15:21:53.525+0000] {logging_mixin.py:188} INFO - [2025-07-12T15:21:53.525+0000] {dag.py:3954} INFO - Setting next_dagrun for dbt_workflow to 2025-07-12 00:00:00+00:00, run_after=2025-07-13 00:00:00+00:00
[2025-07-12T15:21:53.546+0000] {processor.py:183} INFO - Processing /opt/airflow/dags/dbt_dag.py took 0.103 seconds
[2025-07-12T15:22:23.811+0000] {processor.py:161} INFO - Started process (PID=303) to work on /opt/airflow/dags/dbt_dag.py
[2025-07-12T15:22:23.812+0000] {processor.py:830} INFO - Processing file /opt/airflow/dags/dbt_dag.py for tasks to queue
[2025-07-12T15:22:23.814+0000] {logging_mixin.py:188} INFO - [2025-07-12T15:22:23.814+0000] {dagbag.py:545} INFO - Filling up the DagBag from /opt/airflow/dags/dbt_dag.py
[2025-07-12T15:22:23.837+0000] {processor.py:840} INFO - DAG(s) 'dbt_workflow' retrieved from /opt/airflow/dags/dbt_dag.py
[2025-07-12T15:22:23.858+0000] {logging_mixin.py:188} INFO - [2025-07-12T15:22:23.858+0000] {dag.py:3096} INFO - Sync 1 DAGs
[2025-07-12T15:22:23.879+0000] {logging_mixin.py:188} INFO - [2025-07-12T15:22:23.879+0000] {dag.py:3954} INFO - Setting next_dagrun for dbt_workflow to 2025-07-12 00:00:00+00:00, run_after=2025-07-13 00:00:00+00:00
[2025-07-12T15:22:23.900+0000] {processor.py:183} INFO - Processing /opt/airflow/dags/dbt_dag.py took 0.094 seconds
[2025-07-12T15:22:54.006+0000] {processor.py:161} INFO - Started process (PID=362) to work on /opt/airflow/dags/dbt_dag.py
[2025-07-12T15:22:54.008+0000] {processor.py:830} INFO - Processing file /opt/airflow/dags/dbt_dag.py for tasks to queue
[2025-07-12T15:22:54.010+0000] {logging_mixin.py:188} INFO - [2025-07-12T15:22:54.010+0000] {dagbag.py:545} INFO - Filling up the DagBag from /opt/airflow/dags/dbt_dag.py
[2025-07-12T15:22:54.038+0000] {processor.py:840} INFO - DAG(s) 'dbt_workflow' retrieved from /opt/airflow/dags/dbt_dag.py
[2025-07-12T15:22:54.061+0000] {logging_mixin.py:188} INFO - [2025-07-12T15:22:54.060+0000] {dag.py:3096} INFO - Sync 1 DAGs
[2025-07-12T15:22:54.085+0000] {logging_mixin.py:188} INFO - [2025-07-12T15:22:54.085+0000] {dag.py:3954} INFO - Setting next_dagrun for dbt_workflow to 2025-07-12 00:00:00+00:00, run_after=2025-07-13 00:00:00+00:00
[2025-07-12T15:22:54.113+0000] {processor.py:183} INFO - Processing /opt/airflow/dags/dbt_dag.py took 0.115 seconds
[2025-07-12T15:23:24.323+0000] {processor.py:161} INFO - Started process (PID=421) to work on /opt/airflow/dags/dbt_dag.py
[2025-07-12T15:23:24.325+0000] {processor.py:830} INFO - Processing file /opt/airflow/dags/dbt_dag.py for tasks to queue
[2025-07-12T15:23:24.328+0000] {logging_mixin.py:188} INFO - [2025-07-12T15:23:24.327+0000] {dagbag.py:545} INFO - Filling up the DagBag from /opt/airflow/dags/dbt_dag.py
[2025-07-12T15:23:24.359+0000] {processor.py:840} INFO - DAG(s) 'dbt_workflow' retrieved from /opt/airflow/dags/dbt_dag.py
[2025-07-12T15:23:24.385+0000] {logging_mixin.py:188} INFO - [2025-07-12T15:23:24.385+0000] {dag.py:3096} INFO - Sync 1 DAGs
[2025-07-12T15:23:24.411+0000] {logging_mixin.py:188} INFO - [2025-07-12T15:23:24.411+0000] {dag.py:3954} INFO - Setting next_dagrun for dbt_workflow to 2025-07-12 00:00:00+00:00, run_after=2025-07-13 00:00:00+00:00
[2025-07-12T15:23:24.436+0000] {processor.py:183} INFO - Processing /opt/airflow/dags/dbt_dag.py took 0.122 seconds
[2025-07-12T15:23:54.594+0000] {processor.py:161} INFO - Started process (PID=480) to work on /opt/airflow/dags/dbt_dag.py
[2025-07-12T15:23:54.595+0000] {processor.py:830} INFO - Processing file /opt/airflow/dags/dbt_dag.py for tasks to queue
[2025-07-12T15:23:54.597+0000] {logging_mixin.py:188} INFO - [2025-07-12T15:23:54.597+0000] {dagbag.py:545} INFO - Filling up the DagBag from /opt/airflow/dags/dbt_dag.py
[2025-07-12T15:23:54.626+0000] {processor.py:840} INFO - DAG(s) 'dbt_workflow' retrieved from /opt/airflow/dags/dbt_dag.py
[2025-07-12T15:23:54.648+0000] {logging_mixin.py:188} INFO - [2025-07-12T15:23:54.647+0000] {dag.py:3096} INFO - Sync 1 DAGs
[2025-07-12T15:23:54.674+0000] {logging_mixin.py:188} INFO - [2025-07-12T15:23:54.673+0000] {dag.py:3954} INFO - Setting next_dagrun for dbt_workflow to 2025-07-12 00:00:00+00:00, run_after=2025-07-13 00:00:00+00:00
[2025-07-12T15:23:54.696+0000] {processor.py:183} INFO - Processing /opt/airflow/dags/dbt_dag.py took 0.108 seconds
[2025-07-12T15:26:12.781+0000] {processor.py:161} INFO - Started process (PID=114) to work on /opt/airflow/dags/dbt_dag.py
[2025-07-12T15:26:12.783+0000] {processor.py:830} INFO - Processing file /opt/airflow/dags/dbt_dag.py for tasks to queue
[2025-07-12T15:26:12.787+0000] {logging_mixin.py:188} INFO - [2025-07-12T15:26:12.786+0000] {dagbag.py:545} INFO - Filling up the DagBag from /opt/airflow/dags/dbt_dag.py
[2025-07-12T15:26:12.828+0000] {processor.py:840} INFO - DAG(s) 'dbt_workflow' retrieved from /opt/airflow/dags/dbt_dag.py
[2025-07-12T15:26:13.167+0000] {logging_mixin.py:188} INFO - [2025-07-12T15:26:13.167+0000] {dag.py:3096} INFO - Sync 1 DAGs
[2025-07-12T15:26:13.201+0000] {logging_mixin.py:188} INFO - [2025-07-12T15:26:13.200+0000] {dag.py:3954} INFO - Setting next_dagrun for dbt_workflow to 2025-07-12 00:00:00+00:00, run_after=2025-07-13 00:00:00+00:00
[2025-07-12T15:26:13.225+0000] {processor.py:183} INFO - Processing /opt/airflow/dags/dbt_dag.py took 0.454 seconds
[2025-07-12T15:26:43.550+0000] {processor.py:161} INFO - Started process (PID=173) to work on /opt/airflow/dags/dbt_dag.py
[2025-07-12T15:26:43.552+0000] {processor.py:830} INFO - Processing file /opt/airflow/dags/dbt_dag.py for tasks to queue
[2025-07-12T15:26:43.555+0000] {logging_mixin.py:188} INFO - [2025-07-12T15:26:43.555+0000] {dagbag.py:545} INFO - Filling up the DagBag from /opt/airflow/dags/dbt_dag.py
[2025-07-12T15:26:43.581+0000] {processor.py:840} INFO - DAG(s) 'dbt_workflow' retrieved from /opt/airflow/dags/dbt_dag.py
[2025-07-12T15:26:43.608+0000] {logging_mixin.py:188} INFO - [2025-07-12T15:26:43.608+0000] {dag.py:3096} INFO - Sync 1 DAGs
[2025-07-12T15:26:43.635+0000] {logging_mixin.py:188} INFO - [2025-07-12T15:26:43.635+0000] {dag.py:3954} INFO - Setting next_dagrun for dbt_workflow to 2025-07-12 00:00:00+00:00, run_after=2025-07-13 00:00:00+00:00
[2025-07-12T15:26:43.660+0000] {processor.py:183} INFO - Processing /opt/airflow/dags/dbt_dag.py took 0.116 seconds
[2025-07-12T15:27:13.790+0000] {processor.py:161} INFO - Started process (PID=232) to work on /opt/airflow/dags/dbt_dag.py
[2025-07-12T15:27:13.792+0000] {processor.py:830} INFO - Processing file /opt/airflow/dags/dbt_dag.py for tasks to queue
[2025-07-12T15:27:13.794+0000] {logging_mixin.py:188} INFO - [2025-07-12T15:27:13.794+0000] {dagbag.py:545} INFO - Filling up the DagBag from /opt/airflow/dags/dbt_dag.py
[2025-07-12T15:27:13.822+0000] {processor.py:840} INFO - DAG(s) 'dbt_workflow' retrieved from /opt/airflow/dags/dbt_dag.py
[2025-07-12T15:27:13.849+0000] {logging_mixin.py:188} INFO - [2025-07-12T15:27:13.849+0000] {dag.py:3096} INFO - Sync 1 DAGs
[2025-07-12T15:27:13.878+0000] {logging_mixin.py:188} INFO - [2025-07-12T15:27:13.878+0000] {dag.py:3954} INFO - Setting next_dagrun for dbt_workflow to 2025-07-12 00:00:00+00:00, run_after=2025-07-13 00:00:00+00:00
[2025-07-12T15:27:13.904+0000] {processor.py:183} INFO - Processing /opt/airflow/dags/dbt_dag.py took 0.122 seconds
[2025-07-12T15:27:44.207+0000] {processor.py:161} INFO - Started process (PID=292) to work on /opt/airflow/dags/dbt_dag.py
[2025-07-12T15:27:44.208+0000] {processor.py:830} INFO - Processing file /opt/airflow/dags/dbt_dag.py for tasks to queue
[2025-07-12T15:27:44.211+0000] {logging_mixin.py:188} INFO - [2025-07-12T15:27:44.210+0000] {dagbag.py:545} INFO - Filling up the DagBag from /opt/airflow/dags/dbt_dag.py
[2025-07-12T15:27:44.237+0000] {processor.py:840} INFO - DAG(s) 'dbt_workflow' retrieved from /opt/airflow/dags/dbt_dag.py
[2025-07-12T15:27:44.259+0000] {logging_mixin.py:188} INFO - [2025-07-12T15:27:44.259+0000] {dag.py:3096} INFO - Sync 1 DAGs
[2025-07-12T15:27:44.281+0000] {logging_mixin.py:188} INFO - [2025-07-12T15:27:44.280+0000] {dag.py:3954} INFO - Setting next_dagrun for dbt_workflow to 2025-07-12 00:00:00+00:00, run_after=2025-07-13 00:00:00+00:00
[2025-07-12T15:27:44.302+0000] {processor.py:183} INFO - Processing /opt/airflow/dags/dbt_dag.py took 0.101 seconds
[2025-07-12T15:28:14.475+0000] {processor.py:161} INFO - Started process (PID=351) to work on /opt/airflow/dags/dbt_dag.py
[2025-07-12T15:28:14.476+0000] {processor.py:830} INFO - Processing file /opt/airflow/dags/dbt_dag.py for tasks to queue
[2025-07-12T15:28:14.479+0000] {logging_mixin.py:188} INFO - [2025-07-12T15:28:14.478+0000] {dagbag.py:545} INFO - Filling up the DagBag from /opt/airflow/dags/dbt_dag.py
[2025-07-12T15:28:14.503+0000] {processor.py:840} INFO - DAG(s) 'dbt_workflow' retrieved from /opt/airflow/dags/dbt_dag.py
[2025-07-12T15:28:14.524+0000] {logging_mixin.py:188} INFO - [2025-07-12T15:28:14.524+0000] {dag.py:3096} INFO - Sync 1 DAGs
[2025-07-12T15:28:14.545+0000] {logging_mixin.py:188} INFO - [2025-07-12T15:28:14.545+0000] {dag.py:3954} INFO - Setting next_dagrun for dbt_workflow to 2025-07-12 00:00:00+00:00, run_after=2025-07-13 00:00:00+00:00
[2025-07-12T15:28:14.568+0000] {processor.py:183} INFO - Processing /opt/airflow/dags/dbt_dag.py took 0.099 seconds
[2025-07-12T15:28:45.007+0000] {processor.py:161} INFO - Started process (PID=410) to work on /opt/airflow/dags/dbt_dag.py
[2025-07-12T15:28:45.008+0000] {processor.py:830} INFO - Processing file /opt/airflow/dags/dbt_dag.py for tasks to queue
[2025-07-12T15:28:45.010+0000] {logging_mixin.py:188} INFO - [2025-07-12T15:28:45.010+0000] {dagbag.py:545} INFO - Filling up the DagBag from /opt/airflow/dags/dbt_dag.py
[2025-07-12T15:28:45.035+0000] {processor.py:840} INFO - DAG(s) 'dbt_workflow' retrieved from /opt/airflow/dags/dbt_dag.py
[2025-07-12T15:28:45.057+0000] {logging_mixin.py:188} INFO - [2025-07-12T15:28:45.057+0000] {dag.py:3096} INFO - Sync 1 DAGs
[2025-07-12T15:28:45.078+0000] {logging_mixin.py:188} INFO - [2025-07-12T15:28:45.078+0000] {dag.py:3954} INFO - Setting next_dagrun for dbt_workflow to 2025-07-12 00:00:00+00:00, run_after=2025-07-13 00:00:00+00:00
[2025-07-12T15:28:45.102+0000] {processor.py:183} INFO - Processing /opt/airflow/dags/dbt_dag.py took 0.102 seconds
[2025-07-12T15:29:15.348+0000] {processor.py:161} INFO - Started process (PID=469) to work on /opt/airflow/dags/dbt_dag.py
[2025-07-12T15:29:15.349+0000] {processor.py:830} INFO - Processing file /opt/airflow/dags/dbt_dag.py for tasks to queue
[2025-07-12T15:29:15.351+0000] {logging_mixin.py:188} INFO - [2025-07-12T15:29:15.351+0000] {dagbag.py:545} INFO - Filling up the DagBag from /opt/airflow/dags/dbt_dag.py
[2025-07-12T15:29:15.375+0000] {processor.py:840} INFO - DAG(s) 'dbt_workflow' retrieved from /opt/airflow/dags/dbt_dag.py
[2025-07-12T15:29:15.396+0000] {logging_mixin.py:188} INFO - [2025-07-12T15:29:15.396+0000] {dag.py:3096} INFO - Sync 1 DAGs
[2025-07-12T15:29:15.417+0000] {logging_mixin.py:188} INFO - [2025-07-12T15:29:15.416+0000] {dag.py:3954} INFO - Setting next_dagrun for dbt_workflow to 2025-07-12 00:00:00+00:00, run_after=2025-07-13 00:00:00+00:00
[2025-07-12T15:29:15.438+0000] {processor.py:183} INFO - Processing /opt/airflow/dags/dbt_dag.py took 0.096 seconds
[2025-07-12T15:29:45.573+0000] {processor.py:161} INFO - Started process (PID=528) to work on /opt/airflow/dags/dbt_dag.py
[2025-07-12T15:29:45.574+0000] {processor.py:830} INFO - Processing file /opt/airflow/dags/dbt_dag.py for tasks to queue
[2025-07-12T15:29:45.577+0000] {logging_mixin.py:188} INFO - [2025-07-12T15:29:45.577+0000] {dagbag.py:545} INFO - Filling up the DagBag from /opt/airflow/dags/dbt_dag.py
[2025-07-12T15:29:45.608+0000] {processor.py:840} INFO - DAG(s) 'dbt_workflow' retrieved from /opt/airflow/dags/dbt_dag.py
[2025-07-12T15:29:45.634+0000] {logging_mixin.py:188} INFO - [2025-07-12T15:29:45.634+0000] {dag.py:3096} INFO - Sync 1 DAGs
[2025-07-12T15:29:45.660+0000] {logging_mixin.py:188} INFO - [2025-07-12T15:29:45.660+0000] {dag.py:3954} INFO - Setting next_dagrun for dbt_workflow to 2025-07-12 00:00:00+00:00, run_after=2025-07-13 00:00:00+00:00
[2025-07-12T15:29:45.684+0000] {processor.py:183} INFO - Processing /opt/airflow/dags/dbt_dag.py took 0.121 seconds
[2025-07-12T15:30:15.772+0000] {processor.py:161} INFO - Started process (PID=587) to work on /opt/airflow/dags/dbt_dag.py
[2025-07-12T15:30:15.773+0000] {processor.py:830} INFO - Processing file /opt/airflow/dags/dbt_dag.py for tasks to queue
[2025-07-12T15:30:15.775+0000] {logging_mixin.py:188} INFO - [2025-07-12T15:30:15.775+0000] {dagbag.py:545} INFO - Filling up the DagBag from /opt/airflow/dags/dbt_dag.py
[2025-07-12T15:30:15.802+0000] {processor.py:840} INFO - DAG(s) 'dbt_workflow' retrieved from /opt/airflow/dags/dbt_dag.py
[2025-07-12T15:30:15.823+0000] {logging_mixin.py:188} INFO - [2025-07-12T15:30:15.823+0000] {dag.py:3096} INFO - Sync 1 DAGs
[2025-07-12T15:30:15.845+0000] {logging_mixin.py:188} INFO - [2025-07-12T15:30:15.845+0000] {dag.py:3954} INFO - Setting next_dagrun for dbt_workflow to 2025-07-12 00:00:00+00:00, run_after=2025-07-13 00:00:00+00:00
[2025-07-12T15:30:15.869+0000] {processor.py:183} INFO - Processing /opt/airflow/dags/dbt_dag.py took 0.104 seconds
[2025-07-12T15:30:46.140+0000] {processor.py:161} INFO - Started process (PID=646) to work on /opt/airflow/dags/dbt_dag.py
[2025-07-12T15:30:46.141+0000] {processor.py:830} INFO - Processing file /opt/airflow/dags/dbt_dag.py for tasks to queue
[2025-07-12T15:30:46.144+0000] {logging_mixin.py:188} INFO - [2025-07-12T15:30:46.144+0000] {dagbag.py:545} INFO - Filling up the DagBag from /opt/airflow/dags/dbt_dag.py
[2025-07-12T15:30:46.170+0000] {processor.py:840} INFO - DAG(s) 'dbt_workflow' retrieved from /opt/airflow/dags/dbt_dag.py
[2025-07-12T15:30:46.214+0000] {logging_mixin.py:188} INFO - [2025-07-12T15:30:46.214+0000] {dag.py:3096} INFO - Sync 1 DAGs
[2025-07-12T15:30:46.242+0000] {logging_mixin.py:188} INFO - [2025-07-12T15:30:46.241+0000] {dag.py:3954} INFO - Setting next_dagrun for dbt_workflow to 2025-07-12 00:00:00+00:00, run_after=2025-07-13 00:00:00+00:00
[2025-07-12T15:30:46.261+0000] {processor.py:183} INFO - Processing /opt/airflow/dags/dbt_dag.py took 0.132 seconds
[2025-07-12T15:31:16.514+0000] {processor.py:161} INFO - Started process (PID=705) to work on /opt/airflow/dags/dbt_dag.py
[2025-07-12T15:31:16.516+0000] {processor.py:830} INFO - Processing file /opt/airflow/dags/dbt_dag.py for tasks to queue
[2025-07-12T15:31:16.518+0000] {logging_mixin.py:188} INFO - [2025-07-12T15:31:16.518+0000] {dagbag.py:545} INFO - Filling up the DagBag from /opt/airflow/dags/dbt_dag.py
[2025-07-12T15:31:16.543+0000] {processor.py:840} INFO - DAG(s) 'dbt_workflow' retrieved from /opt/airflow/dags/dbt_dag.py
[2025-07-12T15:31:16.564+0000] {logging_mixin.py:188} INFO - [2025-07-12T15:31:16.564+0000] {dag.py:3096} INFO - Sync 1 DAGs
[2025-07-12T15:31:16.587+0000] {logging_mixin.py:188} INFO - [2025-07-12T15:31:16.587+0000] {dag.py:3954} INFO - Setting next_dagrun for dbt_workflow to 2025-07-12 00:00:00+00:00, run_after=2025-07-13 00:00:00+00:00
[2025-07-12T15:31:16.607+0000] {processor.py:183} INFO - Processing /opt/airflow/dags/dbt_dag.py took 0.101 seconds
[2025-07-12T15:31:46.810+0000] {processor.py:161} INFO - Started process (PID=765) to work on /opt/airflow/dags/dbt_dag.py
[2025-07-12T15:31:46.812+0000] {processor.py:830} INFO - Processing file /opt/airflow/dags/dbt_dag.py for tasks to queue
[2025-07-12T15:31:46.815+0000] {logging_mixin.py:188} INFO - [2025-07-12T15:31:46.815+0000] {dagbag.py:545} INFO - Filling up the DagBag from /opt/airflow/dags/dbt_dag.py
[2025-07-12T15:31:46.842+0000] {processor.py:840} INFO - DAG(s) 'dbt_workflow' retrieved from /opt/airflow/dags/dbt_dag.py
[2025-07-12T15:31:46.869+0000] {logging_mixin.py:188} INFO - [2025-07-12T15:31:46.869+0000] {dag.py:3096} INFO - Sync 1 DAGs
[2025-07-12T15:31:46.894+0000] {logging_mixin.py:188} INFO - [2025-07-12T15:31:46.894+0000] {dag.py:3954} INFO - Setting next_dagrun for dbt_workflow to 2025-07-12 00:00:00+00:00, run_after=2025-07-13 00:00:00+00:00
[2025-07-12T15:31:46.917+0000] {processor.py:183} INFO - Processing /opt/airflow/dags/dbt_dag.py took 0.113 seconds
[2025-07-12T15:32:17.322+0000] {processor.py:161} INFO - Started process (PID=824) to work on /opt/airflow/dags/dbt_dag.py
[2025-07-12T15:32:17.323+0000] {processor.py:830} INFO - Processing file /opt/airflow/dags/dbt_dag.py for tasks to queue
[2025-07-12T15:32:17.326+0000] {logging_mixin.py:188} INFO - [2025-07-12T15:32:17.325+0000] {dagbag.py:545} INFO - Filling up the DagBag from /opt/airflow/dags/dbt_dag.py
[2025-07-12T15:32:17.352+0000] {processor.py:840} INFO - DAG(s) 'dbt_workflow' retrieved from /opt/airflow/dags/dbt_dag.py
[2025-07-12T15:32:17.374+0000] {logging_mixin.py:188} INFO - [2025-07-12T15:32:17.374+0000] {dag.py:3096} INFO - Sync 1 DAGs
[2025-07-12T15:32:17.396+0000] {logging_mixin.py:188} INFO - [2025-07-12T15:32:17.396+0000] {dag.py:3954} INFO - Setting next_dagrun for dbt_workflow to 2025-07-12 00:00:00+00:00, run_after=2025-07-13 00:00:00+00:00
[2025-07-12T15:32:17.417+0000] {processor.py:183} INFO - Processing /opt/airflow/dags/dbt_dag.py took 0.103 seconds
[2025-07-12T15:32:47.919+0000] {processor.py:161} INFO - Started process (PID=883) to work on /opt/airflow/dags/dbt_dag.py
[2025-07-12T15:32:47.921+0000] {processor.py:830} INFO - Processing file /opt/airflow/dags/dbt_dag.py for tasks to queue
[2025-07-12T15:32:47.923+0000] {logging_mixin.py:188} INFO - [2025-07-12T15:32:47.922+0000] {dagbag.py:545} INFO - Filling up the DagBag from /opt/airflow/dags/dbt_dag.py
[2025-07-12T15:32:47.949+0000] {processor.py:840} INFO - DAG(s) 'dbt_workflow' retrieved from /opt/airflow/dags/dbt_dag.py
[2025-07-12T15:32:47.970+0000] {logging_mixin.py:188} INFO - [2025-07-12T15:32:47.970+0000] {dag.py:3096} INFO - Sync 1 DAGs
[2025-07-12T15:32:47.991+0000] {logging_mixin.py:188} INFO - [2025-07-12T15:32:47.991+0000] {dag.py:3954} INFO - Setting next_dagrun for dbt_workflow to 2025-07-12 00:00:00+00:00, run_after=2025-07-13 00:00:00+00:00
[2025-07-12T15:32:48.010+0000] {processor.py:183} INFO - Processing /opt/airflow/dags/dbt_dag.py took 0.097 seconds
[2025-07-12T15:33:18.131+0000] {processor.py:161} INFO - Started process (PID=942) to work on /opt/airflow/dags/dbt_dag.py
[2025-07-12T15:33:18.132+0000] {processor.py:830} INFO - Processing file /opt/airflow/dags/dbt_dag.py for tasks to queue
[2025-07-12T15:33:18.135+0000] {logging_mixin.py:188} INFO - [2025-07-12T15:33:18.134+0000] {dagbag.py:545} INFO - Filling up the DagBag from /opt/airflow/dags/dbt_dag.py
[2025-07-12T15:33:18.162+0000] {processor.py:840} INFO - DAG(s) 'dbt_workflow' retrieved from /opt/airflow/dags/dbt_dag.py
[2025-07-12T15:33:18.185+0000] {logging_mixin.py:188} INFO - [2025-07-12T15:33:18.185+0000] {dag.py:3096} INFO - Sync 1 DAGs
[2025-07-12T15:33:18.207+0000] {logging_mixin.py:188} INFO - [2025-07-12T15:33:18.207+0000] {dag.py:3954} INFO - Setting next_dagrun for dbt_workflow to 2025-07-12 00:00:00+00:00, run_after=2025-07-13 00:00:00+00:00
[2025-07-12T15:33:18.228+0000] {processor.py:183} INFO - Processing /opt/airflow/dags/dbt_dag.py took 0.106 seconds
[2025-07-12T15:33:48.896+0000] {processor.py:161} INFO - Started process (PID=1001) to work on /opt/airflow/dags/dbt_dag.py
[2025-07-12T15:33:48.898+0000] {processor.py:830} INFO - Processing file /opt/airflow/dags/dbt_dag.py for tasks to queue
[2025-07-12T15:33:48.902+0000] {logging_mixin.py:188} INFO - [2025-07-12T15:33:48.901+0000] {dagbag.py:545} INFO - Filling up the DagBag from /opt/airflow/dags/dbt_dag.py
[2025-07-12T15:33:48.931+0000] {processor.py:840} INFO - DAG(s) 'dbt_workflow' retrieved from /opt/airflow/dags/dbt_dag.py
[2025-07-12T15:33:48.960+0000] {logging_mixin.py:188} INFO - [2025-07-12T15:33:48.959+0000] {dag.py:3096} INFO - Sync 1 DAGs
[2025-07-12T15:33:48.987+0000] {logging_mixin.py:188} INFO - [2025-07-12T15:33:48.986+0000] {dag.py:3954} INFO - Setting next_dagrun for dbt_workflow to 2025-07-12 00:00:00+00:00, run_after=2025-07-13 00:00:00+00:00
[2025-07-12T15:33:49.016+0000] {processor.py:183} INFO - Processing /opt/airflow/dags/dbt_dag.py took 0.129 seconds
[2025-07-12T15:34:19.182+0000] {processor.py:161} INFO - Started process (PID=1061) to work on /opt/airflow/dags/dbt_dag.py
[2025-07-12T15:34:19.183+0000] {processor.py:830} INFO - Processing file /opt/airflow/dags/dbt_dag.py for tasks to queue
[2025-07-12T15:34:19.185+0000] {logging_mixin.py:188} INFO - [2025-07-12T15:34:19.185+0000] {dagbag.py:545} INFO - Filling up the DagBag from /opt/airflow/dags/dbt_dag.py
[2025-07-12T15:34:19.214+0000] {processor.py:840} INFO - DAG(s) 'dbt_workflow' retrieved from /opt/airflow/dags/dbt_dag.py
[2025-07-12T15:34:19.239+0000] {logging_mixin.py:188} INFO - [2025-07-12T15:34:19.239+0000] {dag.py:3096} INFO - Sync 1 DAGs
[2025-07-12T15:34:19.261+0000] {logging_mixin.py:188} INFO - [2025-07-12T15:34:19.261+0000] {dag.py:3954} INFO - Setting next_dagrun for dbt_workflow to 2025-07-12 00:00:00+00:00, run_after=2025-07-13 00:00:00+00:00
[2025-07-12T15:34:19.281+0000] {processor.py:183} INFO - Processing /opt/airflow/dags/dbt_dag.py took 0.106 seconds
[2025-07-12T15:34:49.765+0000] {processor.py:161} INFO - Started process (PID=1119) to work on /opt/airflow/dags/dbt_dag.py
[2025-07-12T15:34:49.768+0000] {processor.py:830} INFO - Processing file /opt/airflow/dags/dbt_dag.py for tasks to queue
[2025-07-12T15:34:49.772+0000] {logging_mixin.py:188} INFO - [2025-07-12T15:34:49.772+0000] {dagbag.py:545} INFO - Filling up the DagBag from /opt/airflow/dags/dbt_dag.py
[2025-07-12T15:34:49.801+0000] {processor.py:840} INFO - DAG(s) 'dbt_workflow' retrieved from /opt/airflow/dags/dbt_dag.py
[2025-07-12T15:34:49.830+0000] {logging_mixin.py:188} INFO - [2025-07-12T15:34:49.830+0000] {dag.py:3096} INFO - Sync 1 DAGs
[2025-07-12T15:34:49.861+0000] {logging_mixin.py:188} INFO - [2025-07-12T15:34:49.861+0000] {dag.py:3954} INFO - Setting next_dagrun for dbt_workflow to 2025-07-12 00:00:00+00:00, run_after=2025-07-13 00:00:00+00:00
[2025-07-12T15:34:49.891+0000] {processor.py:183} INFO - Processing /opt/airflow/dags/dbt_dag.py took 0.136 seconds
[2025-07-12T15:35:20.002+0000] {processor.py:161} INFO - Started process (PID=1178) to work on /opt/airflow/dags/dbt_dag.py
[2025-07-12T15:35:20.004+0000] {processor.py:830} INFO - Processing file /opt/airflow/dags/dbt_dag.py for tasks to queue
[2025-07-12T15:35:20.006+0000] {logging_mixin.py:188} INFO - [2025-07-12T15:35:20.006+0000] {dagbag.py:545} INFO - Filling up the DagBag from /opt/airflow/dags/dbt_dag.py
[2025-07-12T15:35:20.035+0000] {processor.py:840} INFO - DAG(s) 'dbt_workflow' retrieved from /opt/airflow/dags/dbt_dag.py
[2025-07-12T15:35:20.056+0000] {logging_mixin.py:188} INFO - [2025-07-12T15:35:20.056+0000] {dag.py:3096} INFO - Sync 1 DAGs
[2025-07-12T15:35:20.077+0000] {logging_mixin.py:188} INFO - [2025-07-12T15:35:20.077+0000] {dag.py:3954} INFO - Setting next_dagrun for dbt_workflow to 2025-07-12 00:00:00+00:00, run_after=2025-07-13 00:00:00+00:00
[2025-07-12T15:35:20.102+0000] {processor.py:183} INFO - Processing /opt/airflow/dags/dbt_dag.py took 0.106 seconds
[2025-07-12T15:35:50.217+0000] {processor.py:161} INFO - Started process (PID=1238) to work on /opt/airflow/dags/dbt_dag.py
[2025-07-12T15:35:50.218+0000] {processor.py:830} INFO - Processing file /opt/airflow/dags/dbt_dag.py for tasks to queue
[2025-07-12T15:35:50.221+0000] {logging_mixin.py:188} INFO - [2025-07-12T15:35:50.221+0000] {dagbag.py:545} INFO - Filling up the DagBag from /opt/airflow/dags/dbt_dag.py
[2025-07-12T15:35:50.262+0000] {processor.py:840} INFO - DAG(s) 'dbt_workflow' retrieved from /opt/airflow/dags/dbt_dag.py
[2025-07-12T15:35:50.290+0000] {logging_mixin.py:188} INFO - [2025-07-12T15:35:50.290+0000] {dag.py:3096} INFO - Sync 1 DAGs
[2025-07-12T15:35:50.320+0000] {logging_mixin.py:188} INFO - [2025-07-12T15:35:50.319+0000] {dag.py:3954} INFO - Setting next_dagrun for dbt_workflow to 2025-07-12 00:00:00+00:00, run_after=2025-07-13 00:00:00+00:00
[2025-07-12T15:35:50.347+0000] {processor.py:183} INFO - Processing /opt/airflow/dags/dbt_dag.py took 0.141 seconds
[2025-07-12T15:36:20.517+0000] {processor.py:161} INFO - Started process (PID=1297) to work on /opt/airflow/dags/dbt_dag.py
[2025-07-12T15:36:20.518+0000] {processor.py:830} INFO - Processing file /opt/airflow/dags/dbt_dag.py for tasks to queue
[2025-07-12T15:36:20.521+0000] {logging_mixin.py:188} INFO - [2025-07-12T15:36:20.521+0000] {dagbag.py:545} INFO - Filling up the DagBag from /opt/airflow/dags/dbt_dag.py
[2025-07-12T15:36:20.551+0000] {processor.py:840} INFO - DAG(s) 'dbt_workflow' retrieved from /opt/airflow/dags/dbt_dag.py
[2025-07-12T15:36:20.575+0000] {logging_mixin.py:188} INFO - [2025-07-12T15:36:20.575+0000] {dag.py:3096} INFO - Sync 1 DAGs
[2025-07-12T15:36:20.599+0000] {logging_mixin.py:188} INFO - [2025-07-12T15:36:20.599+0000] {dag.py:3954} INFO - Setting next_dagrun for dbt_workflow to 2025-07-12 00:00:00+00:00, run_after=2025-07-13 00:00:00+00:00
[2025-07-12T15:36:20.624+0000] {processor.py:183} INFO - Processing /opt/airflow/dags/dbt_dag.py took 0.117 seconds
[2025-07-12T15:36:51.492+0000] {processor.py:161} INFO - Started process (PID=1356) to work on /opt/airflow/dags/dbt_dag.py
[2025-07-12T15:36:51.493+0000] {processor.py:830} INFO - Processing file /opt/airflow/dags/dbt_dag.py for tasks to queue
[2025-07-12T15:36:51.496+0000] {logging_mixin.py:188} INFO - [2025-07-12T15:36:51.495+0000] {dagbag.py:545} INFO - Filling up the DagBag from /opt/airflow/dags/dbt_dag.py
[2025-07-12T15:36:51.525+0000] {processor.py:840} INFO - DAG(s) 'dbt_workflow' retrieved from /opt/airflow/dags/dbt_dag.py
[2025-07-12T15:36:51.546+0000] {logging_mixin.py:188} INFO - [2025-07-12T15:36:51.546+0000] {dag.py:3096} INFO - Sync 1 DAGs
[2025-07-12T15:36:51.568+0000] {logging_mixin.py:188} INFO - [2025-07-12T15:36:51.568+0000] {dag.py:3954} INFO - Setting next_dagrun for dbt_workflow to 2025-07-12 00:00:00+00:00, run_after=2025-07-13 00:00:00+00:00
[2025-07-12T15:36:51.590+0000] {processor.py:183} INFO - Processing /opt/airflow/dags/dbt_dag.py took 0.105 seconds
[2025-07-12T15:37:22.358+0000] {processor.py:161} INFO - Started process (PID=1415) to work on /opt/airflow/dags/dbt_dag.py
[2025-07-12T15:37:22.360+0000] {processor.py:830} INFO - Processing file /opt/airflow/dags/dbt_dag.py for tasks to queue
[2025-07-12T15:37:22.363+0000] {logging_mixin.py:188} INFO - [2025-07-12T15:37:22.363+0000] {dagbag.py:545} INFO - Filling up the DagBag from /opt/airflow/dags/dbt_dag.py
[2025-07-12T15:37:22.391+0000] {processor.py:840} INFO - DAG(s) 'dbt_workflow' retrieved from /opt/airflow/dags/dbt_dag.py
[2025-07-12T15:37:22.418+0000] {logging_mixin.py:188} INFO - [2025-07-12T15:37:22.417+0000] {dag.py:3096} INFO - Sync 1 DAGs
[2025-07-12T15:37:22.445+0000] {logging_mixin.py:188} INFO - [2025-07-12T15:37:22.444+0000] {dag.py:3954} INFO - Setting next_dagrun for dbt_workflow to 2025-07-12 00:00:00+00:00, run_after=2025-07-13 00:00:00+00:00
[2025-07-12T15:37:22.470+0000] {processor.py:183} INFO - Processing /opt/airflow/dags/dbt_dag.py took 0.121 seconds
[2025-07-12T15:37:53.197+0000] {processor.py:161} INFO - Started process (PID=1480) to work on /opt/airflow/dags/dbt_dag.py
[2025-07-12T15:37:53.198+0000] {processor.py:830} INFO - Processing file /opt/airflow/dags/dbt_dag.py for tasks to queue
[2025-07-12T15:37:53.200+0000] {logging_mixin.py:188} INFO - [2025-07-12T15:37:53.200+0000] {dagbag.py:545} INFO - Filling up the DagBag from /opt/airflow/dags/dbt_dag.py
[2025-07-12T15:37:53.225+0000] {processor.py:840} INFO - DAG(s) 'dbt_workflow' retrieved from /opt/airflow/dags/dbt_dag.py
[2025-07-12T15:37:53.245+0000] {logging_mixin.py:188} INFO - [2025-07-12T15:37:53.245+0000] {dag.py:3096} INFO - Sync 1 DAGs
[2025-07-12T15:37:53.269+0000] {logging_mixin.py:188} INFO - [2025-07-12T15:37:53.269+0000] {dag.py:3954} INFO - Setting next_dagrun for dbt_workflow to 2025-07-12 00:00:00+00:00, run_after=2025-07-13 00:00:00+00:00
[2025-07-12T15:37:53.293+0000] {processor.py:183} INFO - Processing /opt/airflow/dags/dbt_dag.py took 0.102 seconds
[2025-07-12T15:38:23.961+0000] {processor.py:161} INFO - Started process (PID=1539) to work on /opt/airflow/dags/dbt_dag.py
[2025-07-12T15:38:23.962+0000] {processor.py:830} INFO - Processing file /opt/airflow/dags/dbt_dag.py for tasks to queue
[2025-07-12T15:38:23.964+0000] {logging_mixin.py:188} INFO - [2025-07-12T15:38:23.964+0000] {dagbag.py:545} INFO - Filling up the DagBag from /opt/airflow/dags/dbt_dag.py
[2025-07-12T15:38:23.991+0000] {processor.py:840} INFO - DAG(s) 'dbt_workflow' retrieved from /opt/airflow/dags/dbt_dag.py
[2025-07-12T15:38:24.012+0000] {logging_mixin.py:188} INFO - [2025-07-12T15:38:24.012+0000] {dag.py:3096} INFO - Sync 1 DAGs
[2025-07-12T15:38:24.034+0000] {logging_mixin.py:188} INFO - [2025-07-12T15:38:24.034+0000] {dag.py:3954} INFO - Setting next_dagrun for dbt_workflow to 2025-07-12 00:00:00+00:00, run_after=2025-07-13 00:00:00+00:00
[2025-07-12T15:38:24.055+0000] {processor.py:183} INFO - Processing /opt/airflow/dags/dbt_dag.py took 0.104 seconds
[2025-07-12T15:38:54.874+0000] {processor.py:161} INFO - Started process (PID=1598) to work on /opt/airflow/dags/dbt_dag.py
[2025-07-12T15:38:54.875+0000] {processor.py:830} INFO - Processing file /opt/airflow/dags/dbt_dag.py for tasks to queue
[2025-07-12T15:38:54.877+0000] {logging_mixin.py:188} INFO - [2025-07-12T15:38:54.877+0000] {dagbag.py:545} INFO - Filling up the DagBag from /opt/airflow/dags/dbt_dag.py
[2025-07-12T15:38:54.909+0000] {processor.py:840} INFO - DAG(s) 'dbt_workflow' retrieved from /opt/airflow/dags/dbt_dag.py
[2025-07-12T15:38:54.929+0000] {logging_mixin.py:188} INFO - [2025-07-12T15:38:54.928+0000] {dag.py:3096} INFO - Sync 1 DAGs
[2025-07-12T15:38:54.950+0000] {logging_mixin.py:188} INFO - [2025-07-12T15:38:54.950+0000] {dag.py:3954} INFO - Setting next_dagrun for dbt_workflow to 2025-07-12 00:00:00+00:00, run_after=2025-07-13 00:00:00+00:00
[2025-07-12T15:38:54.972+0000] {processor.py:183} INFO - Processing /opt/airflow/dags/dbt_dag.py took 0.105 seconds
[2025-07-12T15:39:25.284+0000] {processor.py:161} INFO - Started process (PID=1657) to work on /opt/airflow/dags/dbt_dag.py
[2025-07-12T15:39:25.286+0000] {processor.py:830} INFO - Processing file /opt/airflow/dags/dbt_dag.py for tasks to queue
[2025-07-12T15:39:25.288+0000] {logging_mixin.py:188} INFO - [2025-07-12T15:39:25.287+0000] {dagbag.py:545} INFO - Filling up the DagBag from /opt/airflow/dags/dbt_dag.py
[2025-07-12T15:39:25.314+0000] {processor.py:840} INFO - DAG(s) 'dbt_workflow' retrieved from /opt/airflow/dags/dbt_dag.py
[2025-07-12T15:39:25.342+0000] {logging_mixin.py:188} INFO - [2025-07-12T15:39:25.341+0000] {dag.py:3096} INFO - Sync 1 DAGs
[2025-07-12T15:39:25.372+0000] {logging_mixin.py:188} INFO - [2025-07-12T15:39:25.372+0000] {dag.py:3954} INFO - Setting next_dagrun for dbt_workflow to 2025-07-12 00:00:00+00:00, run_after=2025-07-13 00:00:00+00:00
[2025-07-12T15:39:25.394+0000] {processor.py:183} INFO - Processing /opt/airflow/dags/dbt_dag.py took 0.116 seconds
[2025-07-12T15:39:55.506+0000] {processor.py:161} INFO - Started process (PID=1716) to work on /opt/airflow/dags/dbt_dag.py
[2025-07-12T15:39:55.507+0000] {processor.py:830} INFO - Processing file /opt/airflow/dags/dbt_dag.py for tasks to queue
[2025-07-12T15:39:55.509+0000] {logging_mixin.py:188} INFO - [2025-07-12T15:39:55.509+0000] {dagbag.py:545} INFO - Filling up the DagBag from /opt/airflow/dags/dbt_dag.py
[2025-07-12T15:39:55.535+0000] {processor.py:840} INFO - DAG(s) 'dbt_workflow' retrieved from /opt/airflow/dags/dbt_dag.py
[2025-07-12T15:39:55.556+0000] {logging_mixin.py:188} INFO - [2025-07-12T15:39:55.555+0000] {dag.py:3096} INFO - Sync 1 DAGs
[2025-07-12T15:39:55.577+0000] {logging_mixin.py:188} INFO - [2025-07-12T15:39:55.576+0000] {dag.py:3954} INFO - Setting next_dagrun for dbt_workflow to 2025-07-12 00:00:00+00:00, run_after=2025-07-13 00:00:00+00:00
[2025-07-12T15:39:55.598+0000] {processor.py:183} INFO - Processing /opt/airflow/dags/dbt_dag.py took 0.099 seconds
[2025-07-12T15:40:26.112+0000] {processor.py:161} INFO - Started process (PID=1775) to work on /opt/airflow/dags/dbt_dag.py
[2025-07-12T15:40:26.114+0000] {processor.py:830} INFO - Processing file /opt/airflow/dags/dbt_dag.py for tasks to queue
[2025-07-12T15:40:26.116+0000] {logging_mixin.py:188} INFO - [2025-07-12T15:40:26.115+0000] {dagbag.py:545} INFO - Filling up the DagBag from /opt/airflow/dags/dbt_dag.py
[2025-07-12T15:40:26.143+0000] {processor.py:840} INFO - DAG(s) 'dbt_workflow' retrieved from /opt/airflow/dags/dbt_dag.py
[2025-07-12T15:40:26.162+0000] {logging_mixin.py:188} INFO - [2025-07-12T15:40:26.162+0000] {dag.py:3096} INFO - Sync 1 DAGs
[2025-07-12T15:40:26.184+0000] {logging_mixin.py:188} INFO - [2025-07-12T15:40:26.184+0000] {dag.py:3954} INFO - Setting next_dagrun for dbt_workflow to 2025-07-12 00:00:00+00:00, run_after=2025-07-13 00:00:00+00:00
[2025-07-12T15:40:26.204+0000] {processor.py:183} INFO - Processing /opt/airflow/dags/dbt_dag.py took 0.098 seconds
[2025-07-12T15:40:56.882+0000] {processor.py:161} INFO - Started process (PID=1834) to work on /opt/airflow/dags/dbt_dag.py
[2025-07-12T15:40:56.883+0000] {processor.py:830} INFO - Processing file /opt/airflow/dags/dbt_dag.py for tasks to queue
[2025-07-12T15:40:56.886+0000] {logging_mixin.py:188} INFO - [2025-07-12T15:40:56.885+0000] {dagbag.py:545} INFO - Filling up the DagBag from /opt/airflow/dags/dbt_dag.py
[2025-07-12T15:40:56.913+0000] {processor.py:840} INFO - DAG(s) 'dbt_workflow' retrieved from /opt/airflow/dags/dbt_dag.py
[2025-07-12T15:40:56.936+0000] {logging_mixin.py:188} INFO - [2025-07-12T15:40:56.936+0000] {dag.py:3096} INFO - Sync 1 DAGs
[2025-07-12T15:40:56.962+0000] {logging_mixin.py:188} INFO - [2025-07-12T15:40:56.962+0000] {dag.py:3954} INFO - Setting next_dagrun for dbt_workflow to 2025-07-12 00:00:00+00:00, run_after=2025-07-13 00:00:00+00:00
[2025-07-12T15:40:56.986+0000] {processor.py:183} INFO - Processing /opt/airflow/dags/dbt_dag.py took 0.112 seconds
[2025-07-12T15:41:27.677+0000] {processor.py:161} INFO - Started process (PID=1893) to work on /opt/airflow/dags/dbt_dag.py
[2025-07-12T15:41:27.678+0000] {processor.py:830} INFO - Processing file /opt/airflow/dags/dbt_dag.py for tasks to queue
[2025-07-12T15:41:27.681+0000] {logging_mixin.py:188} INFO - [2025-07-12T15:41:27.681+0000] {dagbag.py:545} INFO - Filling up the DagBag from /opt/airflow/dags/dbt_dag.py
[2025-07-12T15:41:27.707+0000] {processor.py:840} INFO - DAG(s) 'dbt_workflow' retrieved from /opt/airflow/dags/dbt_dag.py
[2025-07-12T15:41:27.734+0000] {logging_mixin.py:188} INFO - [2025-07-12T15:41:27.734+0000] {dag.py:3096} INFO - Sync 1 DAGs
[2025-07-12T15:41:27.761+0000] {logging_mixin.py:188} INFO - [2025-07-12T15:41:27.761+0000] {dag.py:3954} INFO - Setting next_dagrun for dbt_workflow to 2025-07-12 00:00:00+00:00, run_after=2025-07-13 00:00:00+00:00
[2025-07-12T15:41:27.785+0000] {processor.py:183} INFO - Processing /opt/airflow/dags/dbt_dag.py took 0.117 seconds
[2025-07-12T15:41:57.911+0000] {processor.py:161} INFO - Started process (PID=1952) to work on /opt/airflow/dags/dbt_dag.py
[2025-07-12T15:41:57.912+0000] {processor.py:830} INFO - Processing file /opt/airflow/dags/dbt_dag.py for tasks to queue
[2025-07-12T15:41:57.915+0000] {logging_mixin.py:188} INFO - [2025-07-12T15:41:57.914+0000] {dagbag.py:545} INFO - Filling up the DagBag from /opt/airflow/dags/dbt_dag.py
[2025-07-12T15:41:57.938+0000] {processor.py:840} INFO - DAG(s) 'dbt_workflow' retrieved from /opt/airflow/dags/dbt_dag.py
[2025-07-12T15:41:57.961+0000] {logging_mixin.py:188} INFO - [2025-07-12T15:41:57.961+0000] {dag.py:3096} INFO - Sync 1 DAGs
[2025-07-12T15:41:57.983+0000] {logging_mixin.py:188} INFO - [2025-07-12T15:41:57.983+0000] {dag.py:3954} INFO - Setting next_dagrun for dbt_workflow to 2025-07-12 00:00:00+00:00, run_after=2025-07-13 00:00:00+00:00
[2025-07-12T15:41:58.003+0000] {processor.py:183} INFO - Processing /opt/airflow/dags/dbt_dag.py took 0.100 seconds
[2025-07-12T15:42:28.206+0000] {processor.py:161} INFO - Started process (PID=2011) to work on /opt/airflow/dags/dbt_dag.py
[2025-07-12T15:42:28.207+0000] {processor.py:830} INFO - Processing file /opt/airflow/dags/dbt_dag.py for tasks to queue
[2025-07-12T15:42:28.210+0000] {logging_mixin.py:188} INFO - [2025-07-12T15:42:28.209+0000] {dagbag.py:545} INFO - Filling up the DagBag from /opt/airflow/dags/dbt_dag.py
[2025-07-12T15:42:28.238+0000] {processor.py:840} INFO - DAG(s) 'dbt_workflow' retrieved from /opt/airflow/dags/dbt_dag.py
[2025-07-12T15:42:28.261+0000] {logging_mixin.py:188} INFO - [2025-07-12T15:42:28.261+0000] {dag.py:3096} INFO - Sync 1 DAGs
[2025-07-12T15:42:28.477+0000] {logging_mixin.py:188} INFO - [2025-07-12T15:42:28.477+0000] {dag.py:3954} INFO - Setting next_dagrun for dbt_workflow to 2025-07-12 00:00:00+00:00, run_after=2025-07-13 00:00:00+00:00
[2025-07-12T15:42:28.498+0000] {processor.py:183} INFO - Processing /opt/airflow/dags/dbt_dag.py took 0.299 seconds
[2025-07-12T15:42:58.697+0000] {processor.py:161} INFO - Started process (PID=2070) to work on /opt/airflow/dags/dbt_dag.py
[2025-07-12T15:42:58.698+0000] {processor.py:830} INFO - Processing file /opt/airflow/dags/dbt_dag.py for tasks to queue
[2025-07-12T15:42:58.700+0000] {logging_mixin.py:188} INFO - [2025-07-12T15:42:58.700+0000] {dagbag.py:545} INFO - Filling up the DagBag from /opt/airflow/dags/dbt_dag.py
[2025-07-12T15:42:58.731+0000] {processor.py:840} INFO - DAG(s) 'dbt_workflow' retrieved from /opt/airflow/dags/dbt_dag.py
[2025-07-12T15:42:58.757+0000] {logging_mixin.py:188} INFO - [2025-07-12T15:42:58.757+0000] {dag.py:3096} INFO - Sync 1 DAGs
[2025-07-12T15:42:58.944+0000] {logging_mixin.py:188} INFO - [2025-07-12T15:42:58.944+0000] {dag.py:3954} INFO - Setting next_dagrun for dbt_workflow to 2025-07-12 00:00:00+00:00, run_after=2025-07-13 00:00:00+00:00
[2025-07-12T15:42:58.966+0000] {processor.py:183} INFO - Processing /opt/airflow/dags/dbt_dag.py took 0.275 seconds
[2025-07-12T15:43:29.442+0000] {processor.py:161} INFO - Started process (PID=2129) to work on /opt/airflow/dags/dbt_dag.py
[2025-07-12T15:43:29.444+0000] {processor.py:830} INFO - Processing file /opt/airflow/dags/dbt_dag.py for tasks to queue
[2025-07-12T15:43:29.447+0000] {logging_mixin.py:188} INFO - [2025-07-12T15:43:29.446+0000] {dagbag.py:545} INFO - Filling up the DagBag from /opt/airflow/dags/dbt_dag.py
[2025-07-12T15:43:29.475+0000] {processor.py:840} INFO - DAG(s) 'dbt_workflow' retrieved from /opt/airflow/dags/dbt_dag.py
[2025-07-12T15:43:29.501+0000] {logging_mixin.py:188} INFO - [2025-07-12T15:43:29.501+0000] {dag.py:3096} INFO - Sync 1 DAGs
[2025-07-12T15:43:29.530+0000] {logging_mixin.py:188} INFO - [2025-07-12T15:43:29.530+0000] {dag.py:3954} INFO - Setting next_dagrun for dbt_workflow to 2025-07-12 00:00:00+00:00, run_after=2025-07-13 00:00:00+00:00
[2025-07-12T15:43:29.728+0000] {processor.py:183} INFO - Processing /opt/airflow/dags/dbt_dag.py took 0.295 seconds
[2025-07-12T15:44:00.285+0000] {processor.py:161} INFO - Started process (PID=2188) to work on /opt/airflow/dags/dbt_dag.py
[2025-07-12T15:44:00.286+0000] {processor.py:830} INFO - Processing file /opt/airflow/dags/dbt_dag.py for tasks to queue
[2025-07-12T15:44:00.288+0000] {logging_mixin.py:188} INFO - [2025-07-12T15:44:00.288+0000] {dagbag.py:545} INFO - Filling up the DagBag from /opt/airflow/dags/dbt_dag.py
[2025-07-12T15:44:00.314+0000] {processor.py:840} INFO - DAG(s) 'dbt_workflow' retrieved from /opt/airflow/dags/dbt_dag.py
[2025-07-12T15:44:00.335+0000] {logging_mixin.py:188} INFO - [2025-07-12T15:44:00.334+0000] {dag.py:3096} INFO - Sync 1 DAGs
[2025-07-12T15:44:00.356+0000] {logging_mixin.py:188} INFO - [2025-07-12T15:44:00.355+0000] {dag.py:3954} INFO - Setting next_dagrun for dbt_workflow to 2025-07-12 00:00:00+00:00, run_after=2025-07-13 00:00:00+00:00
[2025-07-12T15:44:00.376+0000] {processor.py:183} INFO - Processing /opt/airflow/dags/dbt_dag.py took 0.098 seconds
[2025-07-12T15:44:30.668+0000] {processor.py:161} INFO - Started process (PID=2247) to work on /opt/airflow/dags/dbt_dag.py
[2025-07-12T15:44:30.669+0000] {processor.py:830} INFO - Processing file /opt/airflow/dags/dbt_dag.py for tasks to queue
[2025-07-12T15:44:30.672+0000] {logging_mixin.py:188} INFO - [2025-07-12T15:44:30.671+0000] {dagbag.py:545} INFO - Filling up the DagBag from /opt/airflow/dags/dbt_dag.py
[2025-07-12T15:44:30.698+0000] {processor.py:840} INFO - DAG(s) 'dbt_workflow' retrieved from /opt/airflow/dags/dbt_dag.py
[2025-07-12T15:44:30.719+0000] {logging_mixin.py:188} INFO - [2025-07-12T15:44:30.719+0000] {dag.py:3096} INFO - Sync 1 DAGs
[2025-07-12T15:44:30.740+0000] {logging_mixin.py:188} INFO - [2025-07-12T15:44:30.740+0000] {dag.py:3954} INFO - Setting next_dagrun for dbt_workflow to 2025-07-12 00:00:00+00:00, run_after=2025-07-13 00:00:00+00:00
[2025-07-12T15:44:30.763+0000] {processor.py:183} INFO - Processing /opt/airflow/dags/dbt_dag.py took 0.102 seconds
[2025-07-12T15:45:01.126+0000] {processor.py:161} INFO - Started process (PID=2306) to work on /opt/airflow/dags/dbt_dag.py
[2025-07-12T15:45:01.127+0000] {processor.py:830} INFO - Processing file /opt/airflow/dags/dbt_dag.py for tasks to queue
[2025-07-12T15:45:01.130+0000] {logging_mixin.py:188} INFO - [2025-07-12T15:45:01.130+0000] {dagbag.py:545} INFO - Filling up the DagBag from /opt/airflow/dags/dbt_dag.py
[2025-07-12T15:45:01.158+0000] {processor.py:840} INFO - DAG(s) 'dbt_workflow' retrieved from /opt/airflow/dags/dbt_dag.py
[2025-07-12T15:45:01.181+0000] {logging_mixin.py:188} INFO - [2025-07-12T15:45:01.181+0000] {dag.py:3096} INFO - Sync 1 DAGs
[2025-07-12T15:45:01.206+0000] {logging_mixin.py:188} INFO - [2025-07-12T15:45:01.206+0000] {dag.py:3954} INFO - Setting next_dagrun for dbt_workflow to 2025-07-12 00:00:00+00:00, run_after=2025-07-13 00:00:00+00:00
[2025-07-12T15:45:01.230+0000] {processor.py:183} INFO - Processing /opt/airflow/dags/dbt_dag.py took 0.112 seconds
[2025-07-12T15:45:32.231+0000] {processor.py:161} INFO - Started process (PID=2365) to work on /opt/airflow/dags/dbt_dag.py
[2025-07-12T15:45:32.233+0000] {processor.py:830} INFO - Processing file /opt/airflow/dags/dbt_dag.py for tasks to queue
[2025-07-12T15:45:32.236+0000] {logging_mixin.py:188} INFO - [2025-07-12T15:45:32.235+0000] {dagbag.py:545} INFO - Filling up the DagBag from /opt/airflow/dags/dbt_dag.py
[2025-07-12T15:45:32.265+0000] {processor.py:840} INFO - DAG(s) 'dbt_workflow' retrieved from /opt/airflow/dags/dbt_dag.py
[2025-07-12T15:45:32.294+0000] {logging_mixin.py:188} INFO - [2025-07-12T15:45:32.293+0000] {dag.py:3096} INFO - Sync 1 DAGs
[2025-07-12T15:45:32.320+0000] {logging_mixin.py:188} INFO - [2025-07-12T15:45:32.320+0000] {dag.py:3954} INFO - Setting next_dagrun for dbt_workflow to 2025-07-12 00:00:00+00:00, run_after=2025-07-13 00:00:00+00:00
[2025-07-12T15:45:32.345+0000] {processor.py:183} INFO - Processing /opt/airflow/dags/dbt_dag.py took 0.121 seconds
[2025-07-12T15:46:02.882+0000] {processor.py:161} INFO - Started process (PID=2424) to work on /opt/airflow/dags/dbt_dag.py
[2025-07-12T15:46:02.883+0000] {processor.py:830} INFO - Processing file /opt/airflow/dags/dbt_dag.py for tasks to queue
[2025-07-12T15:46:02.886+0000] {logging_mixin.py:188} INFO - [2025-07-12T15:46:02.885+0000] {dagbag.py:545} INFO - Filling up the DagBag from /opt/airflow/dags/dbt_dag.py
[2025-07-12T15:46:02.912+0000] {processor.py:840} INFO - DAG(s) 'dbt_workflow' retrieved from /opt/airflow/dags/dbt_dag.py
[2025-07-12T15:46:02.935+0000] {logging_mixin.py:188} INFO - [2025-07-12T15:46:02.935+0000] {dag.py:3096} INFO - Sync 1 DAGs
[2025-07-12T15:46:02.973+0000] {logging_mixin.py:188} INFO - [2025-07-12T15:46:02.973+0000] {dag.py:3954} INFO - Setting next_dagrun for dbt_workflow to 2025-07-12 00:00:00+00:00, run_after=2025-07-13 00:00:00+00:00
[2025-07-12T15:46:03.002+0000] {processor.py:183} INFO - Processing /opt/airflow/dags/dbt_dag.py took 0.127 seconds
[2025-07-12T15:46:33.164+0000] {processor.py:161} INFO - Started process (PID=2483) to work on /opt/airflow/dags/dbt_dag.py
[2025-07-12T15:46:33.166+0000] {processor.py:830} INFO - Processing file /opt/airflow/dags/dbt_dag.py for tasks to queue
[2025-07-12T15:46:33.168+0000] {logging_mixin.py:188} INFO - [2025-07-12T15:46:33.168+0000] {dagbag.py:545} INFO - Filling up the DagBag from /opt/airflow/dags/dbt_dag.py
[2025-07-12T15:46:33.192+0000] {processor.py:840} INFO - DAG(s) 'dbt_workflow' retrieved from /opt/airflow/dags/dbt_dag.py
[2025-07-12T15:46:33.220+0000] {logging_mixin.py:188} INFO - [2025-07-12T15:46:33.219+0000] {dag.py:3096} INFO - Sync 1 DAGs
[2025-07-12T15:46:33.249+0000] {logging_mixin.py:188} INFO - [2025-07-12T15:46:33.249+0000] {dag.py:3954} INFO - Setting next_dagrun for dbt_workflow to 2025-07-12 00:00:00+00:00, run_after=2025-07-13 00:00:00+00:00
[2025-07-12T15:46:33.275+0000] {processor.py:183} INFO - Processing /opt/airflow/dags/dbt_dag.py took 0.120 seconds
[2025-07-12T15:47:03.684+0000] {processor.py:161} INFO - Started process (PID=2542) to work on /opt/airflow/dags/dbt_dag.py
[2025-07-12T15:47:03.685+0000] {processor.py:830} INFO - Processing file /opt/airflow/dags/dbt_dag.py for tasks to queue
[2025-07-12T15:47:03.687+0000] {logging_mixin.py:188} INFO - [2025-07-12T15:47:03.687+0000] {dagbag.py:545} INFO - Filling up the DagBag from /opt/airflow/dags/dbt_dag.py
[2025-07-12T15:47:03.719+0000] {processor.py:840} INFO - DAG(s) 'dbt_workflow' retrieved from /opt/airflow/dags/dbt_dag.py
[2025-07-12T15:47:03.742+0000] {logging_mixin.py:188} INFO - [2025-07-12T15:47:03.741+0000] {dag.py:3096} INFO - Sync 1 DAGs
[2025-07-12T15:47:03.770+0000] {logging_mixin.py:188} INFO - [2025-07-12T15:47:03.770+0000] {dag.py:3954} INFO - Setting next_dagrun for dbt_workflow to 2025-07-12 00:00:00+00:00, run_after=2025-07-13 00:00:00+00:00
[2025-07-12T15:47:03.794+0000] {processor.py:183} INFO - Processing /opt/airflow/dags/dbt_dag.py took 0.117 seconds
[2025-07-12T17:10:15.885+0000] {processor.py:161} INFO - Started process (PID=82) to work on /opt/airflow/dags/dbt_dag.py
[2025-07-12T17:10:15.886+0000] {processor.py:830} INFO - Processing file /opt/airflow/dags/dbt_dag.py for tasks to queue
[2025-07-12T17:10:15.889+0000] {logging_mixin.py:188} INFO - [2025-07-12T17:10:15.889+0000] {dagbag.py:545} INFO - Filling up the DagBag from /opt/airflow/dags/dbt_dag.py
[2025-07-12T17:10:15.932+0000] {processor.py:840} INFO - DAG(s) 'dbt_workflow' retrieved from /opt/airflow/dags/dbt_dag.py
[2025-07-12T17:10:16.266+0000] {logging_mixin.py:188} INFO - [2025-07-12T17:10:16.265+0000] {dag.py:3096} INFO - Sync 1 DAGs
[2025-07-12T17:10:16.299+0000] {logging_mixin.py:188} INFO - [2025-07-12T17:10:16.298+0000] {dag.py:3954} INFO - Setting next_dagrun for dbt_workflow to 2025-07-12 00:00:00+00:00, run_after=2025-07-13 00:00:00+00:00
[2025-07-12T17:10:16.328+0000] {processor.py:183} INFO - Processing /opt/airflow/dags/dbt_dag.py took 0.455 seconds
[2025-07-12T17:10:47.056+0000] {processor.py:161} INFO - Started process (PID=141) to work on /opt/airflow/dags/dbt_dag.py
[2025-07-12T17:10:47.058+0000] {processor.py:830} INFO - Processing file /opt/airflow/dags/dbt_dag.py for tasks to queue
[2025-07-12T17:10:47.061+0000] {logging_mixin.py:188} INFO - [2025-07-12T17:10:47.060+0000] {dagbag.py:545} INFO - Filling up the DagBag from /opt/airflow/dags/dbt_dag.py
[2025-07-12T17:10:47.085+0000] {processor.py:840} INFO - DAG(s) 'dbt_workflow' retrieved from /opt/airflow/dags/dbt_dag.py
[2025-07-12T17:10:47.107+0000] {logging_mixin.py:188} INFO - [2025-07-12T17:10:47.107+0000] {dag.py:3096} INFO - Sync 1 DAGs
[2025-07-12T17:10:47.133+0000] {logging_mixin.py:188} INFO - [2025-07-12T17:10:47.132+0000] {dag.py:3954} INFO - Setting next_dagrun for dbt_workflow to 2025-07-12 00:00:00+00:00, run_after=2025-07-13 00:00:00+00:00
[2025-07-12T17:10:47.156+0000] {processor.py:183} INFO - Processing /opt/airflow/dags/dbt_dag.py took 0.109 seconds
[2025-07-12T17:11:17.699+0000] {processor.py:161} INFO - Started process (PID=200) to work on /opt/airflow/dags/dbt_dag.py
[2025-07-12T17:11:17.700+0000] {processor.py:830} INFO - Processing file /opt/airflow/dags/dbt_dag.py for tasks to queue
[2025-07-12T17:11:17.703+0000] {logging_mixin.py:188} INFO - [2025-07-12T17:11:17.702+0000] {dagbag.py:545} INFO - Filling up the DagBag from /opt/airflow/dags/dbt_dag.py
[2025-07-12T17:11:17.729+0000] {processor.py:840} INFO - DAG(s) 'dbt_workflow' retrieved from /opt/airflow/dags/dbt_dag.py
[2025-07-12T17:11:17.750+0000] {logging_mixin.py:188} INFO - [2025-07-12T17:11:17.750+0000] {dag.py:3096} INFO - Sync 1 DAGs
[2025-07-12T17:11:17.771+0000] {logging_mixin.py:188} INFO - [2025-07-12T17:11:17.770+0000] {dag.py:3954} INFO - Setting next_dagrun for dbt_workflow to 2025-07-12 00:00:00+00:00, run_after=2025-07-13 00:00:00+00:00
[2025-07-12T17:11:17.791+0000] {processor.py:183} INFO - Processing /opt/airflow/dags/dbt_dag.py took 0.099 seconds
[2025-07-12T17:11:48.156+0000] {processor.py:161} INFO - Started process (PID=259) to work on /opt/airflow/dags/dbt_dag.py
[2025-07-12T17:11:48.157+0000] {processor.py:830} INFO - Processing file /opt/airflow/dags/dbt_dag.py for tasks to queue
[2025-07-12T17:11:48.159+0000] {logging_mixin.py:188} INFO - [2025-07-12T17:11:48.158+0000] {dagbag.py:545} INFO - Filling up the DagBag from /opt/airflow/dags/dbt_dag.py
[2025-07-12T17:11:48.180+0000] {processor.py:840} INFO - DAG(s) 'dbt_workflow' retrieved from /opt/airflow/dags/dbt_dag.py
[2025-07-12T17:11:48.201+0000] {logging_mixin.py:188} INFO - [2025-07-12T17:11:48.201+0000] {dag.py:3096} INFO - Sync 1 DAGs
[2025-07-12T17:11:48.221+0000] {logging_mixin.py:188} INFO - [2025-07-12T17:11:48.221+0000] {dag.py:3954} INFO - Setting next_dagrun for dbt_workflow to 2025-07-12 00:00:00+00:00, run_after=2025-07-13 00:00:00+00:00
[2025-07-12T17:11:48.241+0000] {processor.py:183} INFO - Processing /opt/airflow/dags/dbt_dag.py took 0.094 seconds
[2025-07-12T17:12:18.338+0000] {processor.py:161} INFO - Started process (PID=318) to work on /opt/airflow/dags/dbt_dag.py
[2025-07-12T17:12:18.340+0000] {processor.py:830} INFO - Processing file /opt/airflow/dags/dbt_dag.py for tasks to queue
[2025-07-12T17:12:18.342+0000] {logging_mixin.py:188} INFO - [2025-07-12T17:12:18.342+0000] {dagbag.py:545} INFO - Filling up the DagBag from /opt/airflow/dags/dbt_dag.py
[2025-07-12T17:12:18.371+0000] {processor.py:840} INFO - DAG(s) 'dbt_workflow' retrieved from /opt/airflow/dags/dbt_dag.py
[2025-07-12T17:12:18.393+0000] {logging_mixin.py:188} INFO - [2025-07-12T17:12:18.393+0000] {dag.py:3096} INFO - Sync 1 DAGs
[2025-07-12T17:12:18.416+0000] {logging_mixin.py:188} INFO - [2025-07-12T17:12:18.416+0000] {dag.py:3954} INFO - Setting next_dagrun for dbt_workflow to 2025-07-12 00:00:00+00:00, run_after=2025-07-13 00:00:00+00:00
[2025-07-12T17:12:18.438+0000] {processor.py:183} INFO - Processing /opt/airflow/dags/dbt_dag.py took 0.109 seconds
[2025-07-12T17:12:48.614+0000] {processor.py:161} INFO - Started process (PID=377) to work on /opt/airflow/dags/dbt_dag.py
[2025-07-12T17:12:48.616+0000] {processor.py:830} INFO - Processing file /opt/airflow/dags/dbt_dag.py for tasks to queue
[2025-07-12T17:12:48.618+0000] {logging_mixin.py:188} INFO - [2025-07-12T17:12:48.618+0000] {dagbag.py:545} INFO - Filling up the DagBag from /opt/airflow/dags/dbt_dag.py
[2025-07-12T17:12:48.645+0000] {processor.py:840} INFO - DAG(s) 'dbt_workflow' retrieved from /opt/airflow/dags/dbt_dag.py
[2025-07-12T17:12:48.667+0000] {logging_mixin.py:188} INFO - [2025-07-12T17:12:48.667+0000] {dag.py:3096} INFO - Sync 1 DAGs
[2025-07-12T17:12:48.702+0000] {logging_mixin.py:188} INFO - [2025-07-12T17:12:48.702+0000] {dag.py:3954} INFO - Setting next_dagrun for dbt_workflow to 2025-07-12 00:00:00+00:00, run_after=2025-07-13 00:00:00+00:00
[2025-07-12T17:12:48.724+0000] {processor.py:183} INFO - Processing /opt/airflow/dags/dbt_dag.py took 0.116 seconds
[2025-07-12T17:13:18.813+0000] {processor.py:161} INFO - Started process (PID=436) to work on /opt/airflow/dags/dbt_dag.py
[2025-07-12T17:13:18.815+0000] {processor.py:830} INFO - Processing file /opt/airflow/dags/dbt_dag.py for tasks to queue
[2025-07-12T17:13:18.817+0000] {logging_mixin.py:188} INFO - [2025-07-12T17:13:18.817+0000] {dagbag.py:545} INFO - Filling up the DagBag from /opt/airflow/dags/dbt_dag.py
[2025-07-12T17:13:18.850+0000] {processor.py:840} INFO - DAG(s) 'dbt_workflow' retrieved from /opt/airflow/dags/dbt_dag.py
[2025-07-12T17:13:18.874+0000] {logging_mixin.py:188} INFO - [2025-07-12T17:13:18.874+0000] {dag.py:3096} INFO - Sync 1 DAGs
[2025-07-12T17:13:18.905+0000] {logging_mixin.py:188} INFO - [2025-07-12T17:13:18.904+0000] {dag.py:3954} INFO - Setting next_dagrun for dbt_workflow to 2025-07-12 00:00:00+00:00, run_after=2025-07-13 00:00:00+00:00
[2025-07-12T17:13:18.930+0000] {processor.py:183} INFO - Processing /opt/airflow/dags/dbt_dag.py took 0.127 seconds
[2025-07-12T17:13:49.058+0000] {processor.py:161} INFO - Started process (PID=501) to work on /opt/airflow/dags/dbt_dag.py
[2025-07-12T17:13:49.059+0000] {processor.py:830} INFO - Processing file /opt/airflow/dags/dbt_dag.py for tasks to queue
[2025-07-12T17:13:49.061+0000] {logging_mixin.py:188} INFO - [2025-07-12T17:13:49.061+0000] {dagbag.py:545} INFO - Filling up the DagBag from /opt/airflow/dags/dbt_dag.py
[2025-07-12T17:13:49.086+0000] {processor.py:840} INFO - DAG(s) 'dbt_workflow' retrieved from /opt/airflow/dags/dbt_dag.py
[2025-07-12T17:13:49.107+0000] {logging_mixin.py:188} INFO - [2025-07-12T17:13:49.106+0000] {dag.py:3096} INFO - Sync 1 DAGs
[2025-07-12T17:13:49.128+0000] {logging_mixin.py:188} INFO - [2025-07-12T17:13:49.128+0000] {dag.py:3954} INFO - Setting next_dagrun for dbt_workflow to 2025-07-12 00:00:00+00:00, run_after=2025-07-13 00:00:00+00:00
[2025-07-12T17:13:49.148+0000] {processor.py:183} INFO - Processing /opt/airflow/dags/dbt_dag.py took 0.097 seconds
[2025-07-12T17:14:19.309+0000] {processor.py:161} INFO - Started process (PID=560) to work on /opt/airflow/dags/dbt_dag.py
[2025-07-12T17:14:19.310+0000] {processor.py:830} INFO - Processing file /opt/airflow/dags/dbt_dag.py for tasks to queue
[2025-07-12T17:14:19.313+0000] {logging_mixin.py:188} INFO - [2025-07-12T17:14:19.312+0000] {dagbag.py:545} INFO - Filling up the DagBag from /opt/airflow/dags/dbt_dag.py
[2025-07-12T17:14:19.342+0000] {processor.py:840} INFO - DAG(s) 'dbt_workflow' retrieved from /opt/airflow/dags/dbt_dag.py
[2025-07-12T17:14:19.366+0000] {logging_mixin.py:188} INFO - [2025-07-12T17:14:19.365+0000] {dag.py:3096} INFO - Sync 1 DAGs
[2025-07-12T17:14:19.389+0000] {logging_mixin.py:188} INFO - [2025-07-12T17:14:19.389+0000] {dag.py:3954} INFO - Setting next_dagrun for dbt_workflow to 2025-07-12 00:00:00+00:00, run_after=2025-07-13 00:00:00+00:00
[2025-07-12T17:14:19.411+0000] {processor.py:183} INFO - Processing /opt/airflow/dags/dbt_dag.py took 0.110 seconds
[2025-07-12T17:14:49.678+0000] {processor.py:161} INFO - Started process (PID=619) to work on /opt/airflow/dags/dbt_dag.py
[2025-07-12T17:14:49.679+0000] {processor.py:830} INFO - Processing file /opt/airflow/dags/dbt_dag.py for tasks to queue
[2025-07-12T17:14:49.682+0000] {logging_mixin.py:188} INFO - [2025-07-12T17:14:49.682+0000] {dagbag.py:545} INFO - Filling up the DagBag from /opt/airflow/dags/dbt_dag.py
[2025-07-12T17:14:49.706+0000] {processor.py:840} INFO - DAG(s) 'dbt_workflow' retrieved from /opt/airflow/dags/dbt_dag.py
[2025-07-12T17:14:49.727+0000] {logging_mixin.py:188} INFO - [2025-07-12T17:14:49.727+0000] {dag.py:3096} INFO - Sync 1 DAGs
[2025-07-12T17:14:49.750+0000] {logging_mixin.py:188} INFO - [2025-07-12T17:14:49.750+0000] {dag.py:3954} INFO - Setting next_dagrun for dbt_workflow to 2025-07-12 00:00:00+00:00, run_after=2025-07-13 00:00:00+00:00
[2025-07-12T17:14:49.773+0000] {processor.py:183} INFO - Processing /opt/airflow/dags/dbt_dag.py took 0.104 seconds
[2025-07-12T17:15:20.162+0000] {processor.py:161} INFO - Started process (PID=678) to work on /opt/airflow/dags/dbt_dag.py
[2025-07-12T17:15:20.163+0000] {processor.py:830} INFO - Processing file /opt/airflow/dags/dbt_dag.py for tasks to queue
[2025-07-12T17:15:20.169+0000] {logging_mixin.py:188} INFO - [2025-07-12T17:15:20.168+0000] {dagbag.py:545} INFO - Filling up the DagBag from /opt/airflow/dags/dbt_dag.py
[2025-07-12T17:15:20.194+0000] {processor.py:840} INFO - DAG(s) 'dbt_workflow' retrieved from /opt/airflow/dags/dbt_dag.py
[2025-07-12T17:15:20.215+0000] {logging_mixin.py:188} INFO - [2025-07-12T17:15:20.214+0000] {dag.py:3096} INFO - Sync 1 DAGs
[2025-07-12T17:15:20.235+0000] {logging_mixin.py:188} INFO - [2025-07-12T17:15:20.235+0000] {dag.py:3954} INFO - Setting next_dagrun for dbt_workflow to 2025-07-12 00:00:00+00:00, run_after=2025-07-13 00:00:00+00:00
[2025-07-12T17:15:20.257+0000] {processor.py:183} INFO - Processing /opt/airflow/dags/dbt_dag.py took 0.102 seconds
[2025-07-12T17:15:50.313+0000] {processor.py:161} INFO - Started process (PID=737) to work on /opt/airflow/dags/dbt_dag.py
[2025-07-12T17:15:50.314+0000] {processor.py:830} INFO - Processing file /opt/airflow/dags/dbt_dag.py for tasks to queue
[2025-07-12T17:15:50.317+0000] {logging_mixin.py:188} INFO - [2025-07-12T17:15:50.316+0000] {dagbag.py:545} INFO - Filling up the DagBag from /opt/airflow/dags/dbt_dag.py
[2025-07-12T17:15:50.342+0000] {processor.py:840} INFO - DAG(s) 'dbt_workflow' retrieved from /opt/airflow/dags/dbt_dag.py
[2025-07-12T17:15:50.362+0000] {logging_mixin.py:188} INFO - [2025-07-12T17:15:50.362+0000] {dag.py:3096} INFO - Sync 1 DAGs
[2025-07-12T17:15:50.383+0000] {logging_mixin.py:188} INFO - [2025-07-12T17:15:50.383+0000] {dag.py:3954} INFO - Setting next_dagrun for dbt_workflow to 2025-07-12 00:00:00+00:00, run_after=2025-07-13 00:00:00+00:00
[2025-07-12T17:15:50.404+0000] {processor.py:183} INFO - Processing /opt/airflow/dags/dbt_dag.py took 0.098 seconds
[2025-07-12T17:16:20.534+0000] {processor.py:161} INFO - Started process (PID=796) to work on /opt/airflow/dags/dbt_dag.py
[2025-07-12T17:16:20.535+0000] {processor.py:830} INFO - Processing file /opt/airflow/dags/dbt_dag.py for tasks to queue
[2025-07-12T17:16:20.538+0000] {logging_mixin.py:188} INFO - [2025-07-12T17:16:20.537+0000] {dagbag.py:545} INFO - Filling up the DagBag from /opt/airflow/dags/dbt_dag.py
[2025-07-12T17:16:20.563+0000] {processor.py:840} INFO - DAG(s) 'dbt_workflow' retrieved from /opt/airflow/dags/dbt_dag.py
[2025-07-12T17:16:20.584+0000] {logging_mixin.py:188} INFO - [2025-07-12T17:16:20.584+0000] {dag.py:3096} INFO - Sync 1 DAGs
[2025-07-12T17:16:20.605+0000] {logging_mixin.py:188} INFO - [2025-07-12T17:16:20.605+0000] {dag.py:3954} INFO - Setting next_dagrun for dbt_workflow to 2025-07-12 00:00:00+00:00, run_after=2025-07-13 00:00:00+00:00
[2025-07-12T17:16:20.626+0000] {processor.py:183} INFO - Processing /opt/airflow/dags/dbt_dag.py took 0.101 seconds
[2025-07-12T17:16:50.798+0000] {processor.py:161} INFO - Started process (PID=856) to work on /opt/airflow/dags/dbt_dag.py
[2025-07-12T17:16:50.799+0000] {processor.py:830} INFO - Processing file /opt/airflow/dags/dbt_dag.py for tasks to queue
[2025-07-12T17:16:50.802+0000] {logging_mixin.py:188} INFO - [2025-07-12T17:16:50.802+0000] {dagbag.py:545} INFO - Filling up the DagBag from /opt/airflow/dags/dbt_dag.py
[2025-07-12T17:16:50.825+0000] {processor.py:840} INFO - DAG(s) 'dbt_workflow' retrieved from /opt/airflow/dags/dbt_dag.py
[2025-07-12T17:16:50.848+0000] {logging_mixin.py:188} INFO - [2025-07-12T17:16:50.848+0000] {dag.py:3096} INFO - Sync 1 DAGs
[2025-07-12T17:16:50.872+0000] {logging_mixin.py:188} INFO - [2025-07-12T17:16:50.872+0000] {dag.py:3954} INFO - Setting next_dagrun for dbt_workflow to 2025-07-12 00:00:00+00:00, run_after=2025-07-13 00:00:00+00:00
[2025-07-12T17:16:50.899+0000] {processor.py:183} INFO - Processing /opt/airflow/dags/dbt_dag.py took 0.108 seconds
[2025-07-12T17:17:21.414+0000] {processor.py:161} INFO - Started process (PID=914) to work on /opt/airflow/dags/dbt_dag.py
[2025-07-12T17:17:21.416+0000] {processor.py:830} INFO - Processing file /opt/airflow/dags/dbt_dag.py for tasks to queue
[2025-07-12T17:17:21.420+0000] {logging_mixin.py:188} INFO - [2025-07-12T17:17:21.419+0000] {dagbag.py:545} INFO - Filling up the DagBag from /opt/airflow/dags/dbt_dag.py
[2025-07-12T17:17:21.451+0000] {processor.py:840} INFO - DAG(s) 'dbt_workflow' retrieved from /opt/airflow/dags/dbt_dag.py
[2025-07-12T17:17:21.480+0000] {logging_mixin.py:188} INFO - [2025-07-12T17:17:21.480+0000] {dag.py:3096} INFO - Sync 1 DAGs
[2025-07-12T17:17:21.511+0000] {logging_mixin.py:188} INFO - [2025-07-12T17:17:21.511+0000] {dag.py:3954} INFO - Setting next_dagrun for dbt_workflow to 2025-07-12 00:00:00+00:00, run_after=2025-07-13 00:00:00+00:00
[2025-07-12T17:17:21.537+0000] {processor.py:183} INFO - Processing /opt/airflow/dags/dbt_dag.py took 0.133 seconds
[2025-07-12T17:17:51.819+0000] {processor.py:161} INFO - Started process (PID=973) to work on /opt/airflow/dags/dbt_dag.py
[2025-07-12T17:17:51.820+0000] {processor.py:830} INFO - Processing file /opt/airflow/dags/dbt_dag.py for tasks to queue
[2025-07-12T17:17:51.822+0000] {logging_mixin.py:188} INFO - [2025-07-12T17:17:51.822+0000] {dagbag.py:545} INFO - Filling up the DagBag from /opt/airflow/dags/dbt_dag.py
[2025-07-12T17:17:51.848+0000] {processor.py:840} INFO - DAG(s) 'dbt_workflow' retrieved from /opt/airflow/dags/dbt_dag.py
[2025-07-12T17:17:51.871+0000] {logging_mixin.py:188} INFO - [2025-07-12T17:17:51.870+0000] {dag.py:3096} INFO - Sync 1 DAGs
[2025-07-12T17:17:51.897+0000] {logging_mixin.py:188} INFO - [2025-07-12T17:17:51.897+0000] {dag.py:3954} INFO - Setting next_dagrun for dbt_workflow to 2025-07-12 00:00:00+00:00, run_after=2025-07-13 00:00:00+00:00
[2025-07-12T17:17:51.924+0000] {processor.py:183} INFO - Processing /opt/airflow/dags/dbt_dag.py took 0.112 seconds
